Arguments: 
  /usr/local/bin/node /usr/local/bin/yarn add karma-chai karma-mocha karma-phantonjs-launcher --dev

PATH: 
  /usr/local/bin:/usr/bin:/bin:/usr/sbin:/sbin

Yarn version: 
  1.5.1

Node version: 
  8.11.1

Platform: 
  darwin x64

npm manifest: 
  {
    "name": "Front-end-automation-unit-testing",
    "version": "1.0.0",
    "main": "index.js",
    "repository": "git@github.com:getcleanbaby/Front-end-automation-unit-testing.git",
    "author": "gaolei <gaolei@yundun.com>",
    "license": "MIT",
    "devDependencies": {
      "chai": "^4.1.2",
      "karma": "^2.0.2",
      "karma-coverage": "^1.1.1",
      "mocha": "^5.1.1"
    }
  }

yarn manifest: 
  No manifest

Lockfile: 
  # THIS IS AN AUTOGENERATED FILE. DO NOT EDIT THIS FILE DIRECTLY.
  # yarn lockfile v1
  
  
  abbrev@1:
    version "1.1.1"
    resolved "http://r.cnpmjs.org/abbrev/download/abbrev-1.1.1.tgz#f8f2c887ad10bf67f634f005b6987fed3179aac8"
  
  abbrev@1.0.x:
    version "1.0.9"
    resolved "http://r.cnpmjs.org/abbrev/download/abbrev-1.0.9.tgz#91b4792588a7738c25f35dd6f63752a2f8776135"
  
  accepts@~1.3.4:
    version "1.3.5"
    resolved "http://r.cnpmjs.org/accepts/download/accepts-1.3.5.tgz#eb777df6011723a3b14e8a72c0805c8e86746bd2"
    dependencies:
      mime-types "~2.1.18"
      negotiator "0.6.1"
  
  addressparser@1.0.1:
    version "1.0.1"
    resolved "http://r.cnpmjs.org/addressparser/download/addressparser-1.0.1.tgz#47afbe1a2a9262191db6838e4fd1d39b40821746"
  
  after@0.8.2:
    version "0.8.2"
    resolved "http://r.cnpmjs.org/after/download/after-0.8.2.tgz#fedb394f9f0e02aa9768e702bda23b505fae7e1f"
  
  agent-base@2:
    version "2.1.1"
    resolved "http://r.cnpmjs.org/agent-base/download/agent-base-2.1.1.tgz#d6de10d5af6132d5bd692427d46fc538539094c7"
    dependencies:
      extend "~3.0.0"
      semver "~5.0.1"
  
  ajv@^5.1.0:
    version "5.5.2"
    resolved "http://r.cnpmjs.org/ajv/download/ajv-5.5.2.tgz#73b5eeca3fab653e3d3f9422b341ad42205dc965"
    dependencies:
      co "^4.6.0"
      fast-deep-equal "^1.0.0"
      fast-json-stable-stringify "^2.0.0"
      json-schema-traverse "^0.3.0"
  
  align-text@^0.1.1, align-text@^0.1.3:
    version "0.1.4"
    resolved "http://r.cnpmjs.org/align-text/download/align-text-0.1.4.tgz#0cd90a561093f35d0a99256c22b7069433fad117"
    dependencies:
      kind-of "^3.0.2"
      longest "^1.0.1"
      repeat-string "^1.5.2"
  
  amdefine@>=0.0.4:
    version "1.0.1"
    resolved "http://r.cnpmjs.org/amdefine/download/amdefine-1.0.1.tgz#4a5282ac164729e93619bcfd3ad151f817ce91f5"
  
  amqplib@^0.5.2:
    version "0.5.2"
    resolved "http://r.cnpmjs.org/amqplib/download/amqplib-0.5.2.tgz#d2d7313c7ffaa4d10bcf1e6252de4591b6cc7b63"
    dependencies:
      bitsyntax "~0.0.4"
      bluebird "^3.4.6"
      buffer-more-ints "0.0.2"
      readable-stream "1.x >=1.1.9"
      safe-buffer "^5.0.1"
  
  ansi-regex@^2.0.0:
    version "2.1.1"
    resolved "http://r.cnpmjs.org/ansi-regex/download/ansi-regex-2.1.1.tgz#c3b33ab5ee360d86e0e628f0468ae7ef27d654df"
  
  ansi-styles@^2.2.1:
    version "2.2.1"
    resolved "http://r.cnpmjs.org/ansi-styles/download/ansi-styles-2.2.1.tgz#b432dd3358b634cf75e1e4664368240533c1ddbe"
  
  anymatch@^1.3.0:
    version "1.3.2"
    resolved "http://r.cnpmjs.org/anymatch/download/anymatch-1.3.2.tgz#553dcb8f91e3c889845dfdba34c77721b90b9d7a"
    dependencies:
      micromatch "^2.1.5"
      normalize-path "^2.0.0"
  
  aproba@^1.0.3:
    version "1.2.0"
    resolved "http://r.cnpmjs.org/aproba/download/aproba-1.2.0.tgz#6802e6264efd18c790a1b0d517f0f2627bf2c94a"
  
  are-we-there-yet@~1.1.2:
    version "1.1.4"
    resolved "http://r.cnpmjs.org/are-we-there-yet/download/are-we-there-yet-1.1.4.tgz#bb5dca382bb94f05e15194373d16fd3ba1ca110d"
    dependencies:
      delegates "^1.0.0"
      readable-stream "^2.0.6"
  
  argparse@^1.0.7:
    version "1.0.10"
    resolved "http://r.cnpmjs.org/argparse/download/argparse-1.0.10.tgz#bcd6791ea5ae09725e17e5ad988134cd40b3d911"
    dependencies:
      sprintf-js "~1.0.2"
  
  arr-diff@^2.0.0:
    version "2.0.0"
    resolved "http://r.cnpmjs.org/arr-diff/download/arr-diff-2.0.0.tgz#8f3b827f955a8bd669697e4a4256ac3ceae356cf"
    dependencies:
      arr-flatten "^1.0.1"
  
  arr-flatten@^1.0.1:
    version "1.1.0"
    resolved "http://r.cnpmjs.org/arr-flatten/download/arr-flatten-1.1.0.tgz#36048bbff4e7b47e136644316c99669ea5ae91f1"
  
  array-find-index@^1.0.1:
    version "1.0.2"
    resolved "http://r.cnpmjs.org/array-find-index/download/array-find-index-1.0.2.tgz#df010aa1287e164bbda6f9723b0a96a1ec4187a1"
  
  array-slice@^0.2.3:
    version "0.2.3"
    resolved "http://r.cnpmjs.org/array-slice/download/array-slice-0.2.3.tgz#dd3cfb80ed7973a75117cdac69b0b99ec86186f5"
  
  array-unique@^0.2.1:
    version "0.2.1"
    resolved "http://r.cnpmjs.org/array-unique/download/array-unique-0.2.1.tgz#a1d97ccafcbc2625cc70fadceb36a50c58b01a53"
  
  arraybuffer.slice@~0.0.7:
    version "0.0.7"
    resolved "http://r.cnpmjs.org/arraybuffer.slice/download/arraybuffer.slice-0.0.7.tgz#3bbc4275dd584cc1b10809b89d4e8b63a69e7675"
  
  asn1@~0.2.3:
    version "0.2.3"
    resolved "http://r.cnpmjs.org/asn1/download/asn1-0.2.3.tgz#dac8787713c9966849fc8180777ebe9c1ddf3b86"
  
  assert-plus@1.0.0, assert-plus@^1.0.0:
    version "1.0.0"
    resolved "http://r.cnpmjs.org/assert-plus/download/assert-plus-1.0.0.tgz#f12e0f3c5d77b0b1cdd9146942e4e96c1e4dd525"
  
  assert-plus@^0.2.0:
    version "0.2.0"
    resolved "http://r.cnpmjs.org/assert-plus/download/assert-plus-0.2.0.tgz#d74e1b87e7affc0db8aadb7021f3fe48101ab234"
  
  assertion-error@^1.0.1:
    version "1.1.0"
    resolved "http://r.cnpmjs.org/assertion-error/download/assertion-error-1.1.0.tgz#e60b6b0e8f301bd97e5375215bda406c85118c0b"
  
  ast-types@0.x.x:
    version "0.11.3"
    resolved "http://r.cnpmjs.org/ast-types/download/ast-types-0.11.3.tgz#c20757fe72ee71278ea0ff3d87e5c2ca30d9edf8"
  
  async-each@^1.0.0:
    version "1.0.1"
    resolved "http://r.cnpmjs.org/async-each/download/async-each-1.0.1.tgz#19d386a1d9edc6e7c1c85d388aedbcc56d33602d"
  
  async-limiter@~1.0.0:
    version "1.0.0"
    resolved "http://r.cnpmjs.org/async-limiter/download/async-limiter-1.0.0.tgz#78faed8c3d074ab81f22b4e985d79e8738f720f8"
  
  async@1.x, async@^1.4.0:
    version "1.5.2"
    resolved "http://r.cnpmjs.org/async/download/async-1.5.2.tgz#ec6a61ae56480c0c3cb241c95618e20892f9672a"
  
  async@~2.1.2:
    version "2.1.5"
    resolved "http://r.cnpmjs.org/async/download/async-2.1.5.tgz#e587c68580994ac67fc56ff86d3ac56bdbe810bc"
    dependencies:
      lodash "^4.14.0"
  
  asynckit@^0.4.0:
    version "0.4.0"
    resolved "http://r.cnpmjs.org/asynckit/download/asynckit-0.4.0.tgz#c79ed97f7f34cb8f2ba1bc9790bcc366474b4b79"
  
  aws-sign2@~0.6.0:
    version "0.6.0"
    resolved "http://r.cnpmjs.org/aws-sign2/download/aws-sign2-0.6.0.tgz#14342dd38dbcc94d0e5b87d763cd63612c0e794f"
  
  aws-sign2@~0.7.0:
    version "0.7.0"
    resolved "http://r.cnpmjs.org/aws-sign2/download/aws-sign2-0.7.0.tgz#b46e890934a9591f2d2f6f86d7e6a9f1b3fe76a8"
  
  aws4@^1.2.1, aws4@^1.6.0:
    version "1.7.0"
    resolved "http://r.cnpmjs.org/aws4/download/aws4-1.7.0.tgz#d4d0e9b9dbfca77bf08eeb0a8a471550fe39e289"
  
  axios@^0.15.3:
    version "0.15.3"
    resolved "http://r.cnpmjs.org/axios/download/axios-0.15.3.tgz#2c9d638b2e191a08ea1d6cc988eadd6ba5bdc053"
    dependencies:
      follow-redirects "1.0.0"
  
  backo2@1.0.2:
    version "1.0.2"
    resolved "http://r.cnpmjs.org/backo2/download/backo2-1.0.2.tgz#31ab1ac8b129363463e35b3ebb69f4dfcfba7947"
  
  balanced-match@^1.0.0:
    version "1.0.0"
    resolved "http://r.cnpmjs.org/balanced-match/download/balanced-match-1.0.0.tgz#89b4d199ab2bee49de164ea02b89ce462d71b767"
  
  base64-arraybuffer@0.1.5:
    version "0.1.5"
    resolved "http://r.cnpmjs.org/base64-arraybuffer/download/base64-arraybuffer-0.1.5.tgz#73926771923b5a19747ad666aa5cd4bf9c6e9ce8"
  
  base64id@1.0.0:
    version "1.0.0"
    resolved "http://r.cnpmjs.org/base64id/download/base64id-1.0.0.tgz#47688cb99bb6804f0e06d3e763b1c32e57d8e6b6"
  
  bcrypt-pbkdf@^1.0.0:
    version "1.0.1"
    resolved "http://r.cnpmjs.org/bcrypt-pbkdf/download/bcrypt-pbkdf-1.0.1.tgz#63bc5dcb61331b92bc05fd528953c33462a06f8d"
    dependencies:
      tweetnacl "^0.14.3"
  
  better-assert@~1.0.0:
    version "1.0.2"
    resolved "http://r.cnpmjs.org/better-assert/download/better-assert-1.0.2.tgz#40866b9e1b9e0b55b481894311e68faffaebc522"
    dependencies:
      callsite "1.0.0"
  
  binary-extensions@^1.0.0:
    version "1.11.0"
    resolved "http://r.cnpmjs.org/binary-extensions/download/binary-extensions-1.11.0.tgz#46aa1751fb6a2f93ee5e689bb1087d4b14c6c205"
  
  bitsyntax@~0.0.4:
    version "0.0.4"
    resolved "http://r.cnpmjs.org/bitsyntax/download/bitsyntax-0.0.4.tgz#eb10cc6f82b8c490e3e85698f07e83d46e0cba82"
    dependencies:
      buffer-more-ints "0.0.2"
  
  bl@~1.1.2:
    version "1.1.2"
    resolved "http://r.cnpmjs.org/bl/download/bl-1.1.2.tgz#fdca871a99713aa00d19e3bbba41c44787a65398"
    dependencies:
      readable-stream "~2.0.5"
  
  blob@0.0.4:
    version "0.0.4"
    resolved "http://r.cnpmjs.org/blob/download/blob-0.0.4.tgz#bcf13052ca54463f30f9fc7e95b9a47630a94921"
  
  bluebird@^3.3.0, bluebird@^3.4.6:
    version "3.5.1"
    resolved "http://r.cnpmjs.org/bluebird/download/bluebird-3.5.1.tgz#d9551f9de98f1fcda1e683d17ee91a0602ee2eb9"
  
  body-parser@^1.16.1:
    version "1.18.2"
    resolved "http://r.cnpmjs.org/body-parser/download/body-parser-1.18.2.tgz#87678a19d84b47d859b83199bd59bce222b10454"
    dependencies:
      bytes "3.0.0"
      content-type "~1.0.4"
      debug "2.6.9"
      depd "~1.1.1"
      http-errors "~1.6.2"
      iconv-lite "0.4.19"
      on-finished "~2.3.0"
      qs "6.5.1"
      raw-body "2.3.2"
      type-is "~1.6.15"
  
  boom@2.x.x:
    version "2.10.1"
    resolved "http://r.cnpmjs.org/boom/download/boom-2.10.1.tgz#39c8918ceff5799f83f9492a848f625add0c766f"
    dependencies:
      hoek "2.x.x"
  
  boom@4.x.x:
    version "4.3.1"
    resolved "http://r.cnpmjs.org/boom/download/boom-4.3.1.tgz#4f8a3005cb4a7e3889f749030fd25b96e01d2e31"
    dependencies:
      hoek "4.x.x"
  
  boom@5.x.x:
    version "5.2.0"
    resolved "http://r.cnpmjs.org/boom/download/boom-5.2.0.tgz#5dd9da6ee3a5f302077436290cb717d3f4a54e02"
    dependencies:
      hoek "4.x.x"
  
  brace-expansion@^1.1.7:
    version "1.1.11"
    resolved "http://r.cnpmjs.org/brace-expansion/download/brace-expansion-1.1.11.tgz#3c7fcbf529d87226f3d2f52b966ff5271eb441dd"
    dependencies:
      balanced-match "^1.0.0"
      concat-map "0.0.1"
  
  braces@^0.1.2:
    version "0.1.5"
    resolved "http://r.cnpmjs.org/braces/download/braces-0.1.5.tgz#c085711085291d8b75fdd74eab0f8597280711e6"
    dependencies:
      expand-range "^0.1.0"
  
  braces@^1.8.2:
    version "1.8.5"
    resolved "http://r.cnpmjs.org/braces/download/braces-1.8.5.tgz#ba77962e12dff969d6b76711e914b737857bf6a7"
    dependencies:
      expand-range "^1.8.1"
      preserve "^0.2.0"
      repeat-element "^1.1.2"
  
  browser-stdout@1.3.1:
    version "1.3.1"
    resolved "http://r.cnpmjs.org/browser-stdout/download/browser-stdout-1.3.1.tgz#baa559ee14ced73452229bad7326467c61fabd60"
  
  buffer-more-ints@0.0.2:
    version "0.0.2"
    resolved "http://r.cnpmjs.org/buffer-more-ints/download/buffer-more-ints-0.0.2.tgz#26b3885d10fa13db7fc01aae3aab870199e0124c"
  
  buildmail@4.0.1:
    version "4.0.1"
    resolved "http://r.cnpmjs.org/buildmail/download/buildmail-4.0.1.tgz#877f7738b78729871c9a105e3b837d2be11a7a72"
    dependencies:
      addressparser "1.0.1"
      libbase64 "0.1.0"
      libmime "3.0.0"
      libqp "1.1.0"
      nodemailer-fetch "1.6.0"
      nodemailer-shared "1.1.0"
      punycode "1.4.1"
  
  builtin-modules@^1.0.0:
    version "1.1.1"
    resolved "http://r.cnpmjs.org/builtin-modules/download/builtin-modules-1.1.1.tgz#270f076c5a72c02f5b65a47df94c5fe3a278892f"
  
  bytes@3.0.0:
    version "3.0.0"
    resolved "http://r.cnpmjs.org/bytes/download/bytes-3.0.0.tgz#d32815404d689699f85a4ea4fa8755dd13a96048"
  
  callsite@1.0.0:
    version "1.0.0"
    resolved "http://r.cnpmjs.org/callsite/download/callsite-1.0.0.tgz#280398e5d664bd74038b6f0905153e6e8af1bc20"
  
  camelcase-keys@^2.0.0:
    version "2.1.0"
    resolved "http://r.cnpmjs.org/camelcase-keys/download/camelcase-keys-2.1.0.tgz#308beeaffdf28119051efa1d932213c91b8f92e7"
    dependencies:
      camelcase "^2.0.0"
      map-obj "^1.0.0"
  
  camelcase@^1.0.2:
    version "1.2.1"
    resolved "http://r.cnpmjs.org/camelcase/download/camelcase-1.2.1.tgz#9bb5304d2e0b56698b2c758b08a3eaa9daa58a39"
  
  camelcase@^2.0.0:
    version "2.1.1"
    resolved "http://r.cnpmjs.org/camelcase/download/camelcase-2.1.1.tgz#7c1d16d679a1bbe59ca02cacecfb011e201f5a1f"
  
  caseless@~0.11.0:
    version "0.11.0"
    resolved "http://r.cnpmjs.org/caseless/download/caseless-0.11.0.tgz#715b96ea9841593cc33067923f5ec60ebda4f7d7"
  
  caseless@~0.12.0:
    version "0.12.0"
    resolved "http://r.cnpmjs.org/caseless/download/caseless-0.12.0.tgz#1b681c21ff84033c826543090689420d187151dc"
  
  center-align@^0.1.1:
    version "0.1.3"
    resolved "http://r.cnpmjs.org/center-align/download/center-align-0.1.3.tgz#aa0d32629b6ee972200411cbd4461c907bc2b7ad"
    dependencies:
      align-text "^0.1.3"
      lazy-cache "^1.0.3"
  
  chai@^4.1.2:
    version "4.1.2"
    resolved "http://r.cnpmjs.org/chai/download/chai-4.1.2.tgz#0f64584ba642f0f2ace2806279f4f06ca23ad73c"
    dependencies:
      assertion-error "^1.0.1"
      check-error "^1.0.1"
      deep-eql "^3.0.0"
      get-func-name "^2.0.0"
      pathval "^1.0.0"
      type-detect "^4.0.0"
  
  chalk@^1.1.1:
    version "1.1.3"
    resolved "http://r.cnpmjs.org/chalk/download/chalk-1.1.3.tgz#a8115c55e4a702fe4d150abd3872822a7e09fc98"
    dependencies:
      ansi-styles "^2.2.1"
      escape-string-regexp "^1.0.2"
      has-ansi "^2.0.0"
      strip-ansi "^3.0.0"
      supports-color "^2.0.0"
  
  check-error@^1.0.1:
    version "1.0.2"
    resolved "http://r.cnpmjs.org/check-error/download/check-error-1.0.2.tgz#574d312edd88bb5dd8912e9286dd6c0aed4aac82"
  
  chokidar@^1.4.1:
    version "1.7.0"
    resolved "http://r.cnpmjs.org/chokidar/download/chokidar-1.7.0.tgz#798e689778151c8076b4b360e5edd28cda2bb468"
    dependencies:
      anymatch "^1.3.0"
      async-each "^1.0.0"
      glob-parent "^2.0.0"
      inherits "^2.0.1"
      is-binary-path "^1.0.0"
      is-glob "^2.0.0"
      path-is-absolute "^1.0.0"
      readdirp "^2.0.0"
    optionalDependencies:
      fsevents "^1.0.0"
  
  chownr@^1.0.1:
    version "1.0.1"
    resolved "http://r.cnpmjs.org/chownr/download/chownr-1.0.1.tgz#e2a75042a9551908bebd25b8523d5f9769d79181"
  
  circular-json@^0.5.1:
    version "0.5.3"
    resolved "http://r.cnpmjs.org/circular-json/download/circular-json-0.5.3.tgz#eb1b783333bb125784647d1a76377caf1499efb1"
  
  cliui@^2.1.0:
    version "2.1.0"
    resolved "http://r.cnpmjs.org/cliui/download/cliui-2.1.0.tgz#4b475760ff80264c762c3a1719032e91c7fea0d1"
    dependencies:
      center-align "^0.1.1"
      right-align "^0.1.1"
      wordwrap "0.0.2"
  
  co@^4.6.0:
    version "4.6.0"
    resolved "http://r.cnpmjs.org/co/download/co-4.6.0.tgz#6ea6bdf3d853ae54ccb8e47bfa0bf3f9031fb184"
  
  co@~3.0.6:
    version "3.0.6"
    resolved "http://r.cnpmjs.org/co/download/co-3.0.6.tgz#1445f226c5eb956138e68c9ac30167ea7d2e6bda"
  
  code-point-at@^1.0.0:
    version "1.1.0"
    resolved "http://r.cnpmjs.org/code-point-at/download/code-point-at-1.1.0.tgz#0d070b4d043a5bea33a2f1a40e2edb3d9a4ccf77"
  
  colors@^1.1.0:
    version "1.2.3"
    resolved "http://r.cnpmjs.org/colors/download/colors-1.2.3.tgz#1b152a9c4f6c9f74bc4bb96233ad0b7983b79744"
  
  combine-lists@^1.0.0:
    version "1.0.1"
    resolved "http://r.cnpmjs.org/combine-lists/download/combine-lists-1.0.1.tgz#458c07e09e0d900fc28b70a3fec2dacd1d2cb7f6"
    dependencies:
      lodash "^4.5.0"
  
  combined-stream@1.0.6, combined-stream@^1.0.5, combined-stream@~1.0.5:
    version "1.0.6"
    resolved "http://r.cnpmjs.org/combined-stream/download/combined-stream-1.0.6.tgz#723e7df6e801ac5613113a7e445a9b69cb632818"
    dependencies:
      delayed-stream "~1.0.0"
  
  commander@2.11.0:
    version "2.11.0"
    resolved "http://r.cnpmjs.org/commander/download/commander-2.11.0.tgz#157152fd1e7a6c8d98a5b715cf376df928004563"
  
  commander@^2.9.0:
    version "2.15.1"
    resolved "http://r.cnpmjs.org/commander/download/commander-2.15.1.tgz#df46e867d0fc2aec66a34662b406a9ccafff5b0f"
  
  component-bind@1.0.0:
    version "1.0.0"
    resolved "http://r.cnpmjs.org/component-bind/download/component-bind-1.0.0.tgz#00c608ab7dcd93897c0009651b1d3a8e1e73bbd1"
  
  component-emitter@1.2.1:
    version "1.2.1"
    resolved "http://r.cnpmjs.org/component-emitter/download/component-emitter-1.2.1.tgz#137918d6d78283f7df7a6b7c5a63e140e69425e6"
  
  component-inherit@0.0.3:
    version "0.0.3"
    resolved "http://r.cnpmjs.org/component-inherit/download/component-inherit-0.0.3.tgz#645fc4adf58b72b649d5cae65135619db26ff143"
  
  concat-map@0.0.1:
    version "0.0.1"
    resolved "http://r.cnpmjs.org/concat-map/download/concat-map-0.0.1.tgz#d8a96bd77fd68df7793a73036a3ba0d5405d477b"
  
  connect@^3.6.0:
    version "3.6.6"
    resolved "http://r.cnpmjs.org/connect/download/connect-3.6.6.tgz#09eff6c55af7236e137135a72574858b6786f524"
    dependencies:
      debug "2.6.9"
      finalhandler "1.1.0"
      parseurl "~1.3.2"
      utils-merge "1.0.1"
  
  console-control-strings@^1.0.0, console-control-strings@~1.1.0:
    version "1.1.0"
    resolved "http://r.cnpmjs.org/console-control-strings/download/console-control-strings-1.1.0.tgz#3d7cf4464db6446ea644bf4b39507f9851008e8e"
  
  content-type@~1.0.4:
    version "1.0.4"
    resolved "http://r.cnpmjs.org/content-type/download/content-type-1.0.4.tgz#e138cc75e040c727b1966fe5e5f8c9aee256fe3b"
  
  cookie@0.3.1:
    version "0.3.1"
    resolved "http://r.cnpmjs.org/cookie/download/cookie-0.3.1.tgz#e7e0a1f9ef43b4c8ba925c5c5a96e806d16873bb"
  
  core-js@^2.2.0:
    version "2.5.5"
    resolved "http://r.cnpmjs.org/core-js/download/core-js-2.5.5.tgz#b14dde936c640c0579a6b50cabcc132dd6127e3b"
  
  core-util-is@1.0.2, core-util-is@~1.0.0:
    version "1.0.2"
    resolved "http://r.cnpmjs.org/core-util-is/download/core-util-is-1.0.2.tgz#b5fd54220aa2bc5ab57aab7140c940754503c1a7"
  
  cryptiles@2.x.x:
    version "2.0.5"
    resolved "http://r.cnpmjs.org/cryptiles/download/cryptiles-2.0.5.tgz#3bdfecdc608147c1c67202fa291e7dca59eaa3b8"
    dependencies:
      boom "2.x.x"
  
  cryptiles@3.x.x:
    version "3.1.2"
    resolved "http://r.cnpmjs.org/cryptiles/download/cryptiles-3.1.2.tgz#a89fbb220f5ce25ec56e8c4aa8a4fd7b5b0d29fe"
    dependencies:
      boom "5.x.x"
  
  currently-unhandled@^0.4.1:
    version "0.4.1"
    resolved "http://r.cnpmjs.org/currently-unhandled/download/currently-unhandled-0.4.1.tgz#988df33feab191ef799a61369dd76c17adf957ea"
    dependencies:
      array-find-index "^1.0.1"
  
  custom-event@~1.0.0:
    version "1.0.1"
    resolved "http://r.cnpmjs.org/custom-event/download/custom-event-1.0.1.tgz#5d02a46850adf1b4a317946a3928fccb5bfd0425"
  
  dashdash@^1.12.0:
    version "1.14.1"
    resolved "http://r.cnpmjs.org/dashdash/download/dashdash-1.14.1.tgz#853cfa0f7cbe2fed5de20326b8dd581035f6e2f0"
    dependencies:
      assert-plus "^1.0.0"
  
  data-uri-to-buffer@1:
    version "1.2.0"
    resolved "http://r.cnpmjs.org/data-uri-to-buffer/download/data-uri-to-buffer-1.2.0.tgz#77163ea9c20d8641b4707e8f18abdf9a78f34835"
  
  date-format@^1.2.0:
    version "1.2.0"
    resolved "http://r.cnpmjs.org/date-format/download/date-format-1.2.0.tgz#615e828e233dd1ab9bb9ae0950e0ceccfa6ecad8"
  
  dateformat@^1.0.6:
    version "1.0.12"
    resolved "http://r.cnpmjs.org/dateformat/download/dateformat-1.0.12.tgz#9f124b67594c937ff706932e4a642cca8dbbfee9"
    dependencies:
      get-stdin "^4.0.1"
      meow "^3.3.0"
  
  debug@2, debug@2.6.9, debug@^2.1.2, debug@^2.2.0, debug@~2.6.4, debug@~2.6.6:
    version "2.6.9"
    resolved "http://r.cnpmjs.org/debug/download/debug-2.6.9.tgz#5d128515df134ff327e90a4c93f4e077a536341f"
    dependencies:
      ms "2.0.0"
  
  debug@3.1.0, debug@^3.1.0, debug@~3.1.0:
    version "3.1.0"
    resolved "http://r.cnpmjs.org/debug/download/debug-3.1.0.tgz#5bb5a0672628b64149566ba16819e61518c67261"
    dependencies:
      ms "2.0.0"
  
  debug@~2.2.0:
    version "2.2.0"
    resolved "http://r.cnpmjs.org/debug/download/debug-2.2.0.tgz#f87057e995b1a1f6ae6a4960664137bc56f039da"
    dependencies:
      ms "0.7.1"
  
  decamelize@^1.0.0, decamelize@^1.1.2:
    version "1.2.0"
    resolved "http://r.cnpmjs.org/decamelize/download/decamelize-1.2.0.tgz#f6534d15148269b20352e7bee26f501f9a191290"
  
  deep-eql@^3.0.0:
    version "3.0.1"
    resolved "http://r.cnpmjs.org/deep-eql/download/deep-eql-3.0.1.tgz#dfc9404400ad1c8fe023e7da1df1c147c4b444df"
    dependencies:
      type-detect "^4.0.0"
  
  deep-extend@^0.5.1:
    version "0.5.1"
    resolved "http://r.cnpmjs.org/deep-extend/download/deep-extend-0.5.1.tgz#b894a9dd90d3023fbf1c55a394fb858eb2066f1f"
  
  deep-is@~0.1.3:
    version "0.1.3"
    resolved "http://r.cnpmjs.org/deep-is/download/deep-is-0.1.3.tgz#b369d6fb5dbc13eecf524f91b070feedc357cf34"
  
  degenerator@~1.0.2:
    version "1.0.4"
    resolved "http://r.cnpmjs.org/degenerator/download/degenerator-1.0.4.tgz#fcf490a37ece266464d9cc431ab98c5819ced095"
    dependencies:
      ast-types "0.x.x"
      escodegen "1.x.x"
      esprima "3.x.x"
  
  delayed-stream@~1.0.0:
    version "1.0.0"
    resolved "http://r.cnpmjs.org/delayed-stream/download/delayed-stream-1.0.0.tgz#df3ae199acadfb7d440aaae0b29e2272b24ec619"
  
  delegates@^1.0.0:
    version "1.0.0"
    resolved "http://r.cnpmjs.org/delegates/download/delegates-1.0.0.tgz#84c6e159b81904fdca59a0ef44cd870d31250f9a"
  
  depd@1.1.1:
    version "1.1.1"
    resolved "http://r.cnpmjs.org/depd/download/depd-1.1.1.tgz#5783b4e1c459f06fa5ca27f991f3d06e7a310359"
  
  depd@~1.1.1, depd@~1.1.2:
    version "1.1.2"
    resolved "http://r.cnpmjs.org/depd/download/depd-1.1.2.tgz#9bcd52e14c097763e749b274c4346ed2e560b5a9"
  
  detect-libc@^1.0.2:
    version "1.0.3"
    resolved "http://r.cnpmjs.org/detect-libc/download/detect-libc-1.0.3.tgz#fa137c4bd698edf55cd5cd02ac559f91a4c4ba9b"
  
  di@^0.0.1:
    version "0.0.1"
    resolved "http://r.cnpmjs.org/di/download/di-0.0.1.tgz#806649326ceaa7caa3306d75d985ea2748ba913c"
  
  diff@3.5.0:
    version "3.5.0"
    resolved "http://r.cnpmjs.org/diff/download/diff-3.5.0.tgz#800c0dd1e0a8bfbc95835c202ad220fe317e5a12"
  
  dom-serialize@^2.2.0:
    version "2.2.1"
    resolved "http://r.cnpmjs.org/dom-serialize/download/dom-serialize-2.2.1.tgz#562ae8999f44be5ea3076f5419dcd59eb43ac95b"
    dependencies:
      custom-event "~1.0.0"
      ent "~2.2.0"
      extend "^3.0.0"
      void-elements "^2.0.0"
  
  double-ended-queue@^2.1.0-0:
    version "2.1.0-0"
    resolved "http://r.cnpmjs.org/double-ended-queue/download/double-ended-queue-2.1.0-0.tgz#103d3527fd31528f40188130c841efdd78264e5c"
  
  ecc-jsbn@~0.1.1:
    version "0.1.1"
    resolved "http://r.cnpmjs.org/ecc-jsbn/download/ecc-jsbn-0.1.1.tgz#0fc73a9ed5f0d53c38193398523ef7e543777505"
    dependencies:
      jsbn "~0.1.0"
  
  ee-first@1.1.1:
    version "1.1.1"
    resolved "http://r.cnpmjs.org/ee-first/download/ee-first-1.1.1.tgz#590c61156b0ae2f4f0255732a158b266bc56b21d"
  
  encodeurl@~1.0.1:
    version "1.0.2"
    resolved "http://r.cnpmjs.org/encodeurl/download/encodeurl-1.0.2.tgz#ad3ff4c86ec2d029322f5a02c3a9a606c95b3f59"
  
  engine.io-client@~3.1.0:
    version "3.1.6"
    resolved "http://r.cnpmjs.org/engine.io-client/download/engine.io-client-3.1.6.tgz#5bdeb130f8b94a50ac5cbeb72583e7a4a063ddfd"
    dependencies:
      component-emitter "1.2.1"
      component-inherit "0.0.3"
      debug "~3.1.0"
      engine.io-parser "~2.1.1"
      has-cors "1.1.0"
      indexof "0.0.1"
      parseqs "0.0.5"
      parseuri "0.0.5"
      ws "~3.3.1"
      xmlhttprequest-ssl "~1.5.4"
      yeast "0.1.2"
  
  engine.io-parser@~2.1.0, engine.io-parser@~2.1.1:
    version "2.1.2"
    resolved "http://r.cnpmjs.org/engine.io-parser/download/engine.io-parser-2.1.2.tgz#4c0f4cff79aaeecbbdcfdea66a823c6085409196"
    dependencies:
      after "0.8.2"
      arraybuffer.slice "~0.0.7"
      base64-arraybuffer "0.1.5"
      blob "0.0.4"
      has-binary2 "~1.0.2"
  
  engine.io@~3.1.0:
    version "3.1.5"
    resolved "http://r.cnpmjs.org/engine.io/download/engine.io-3.1.5.tgz#0e7ef9d690eb0b35597f1d4ad02a26ca2dba3845"
    dependencies:
      accepts "~1.3.4"
      base64id "1.0.0"
      cookie "0.3.1"
      debug "~3.1.0"
      engine.io-parser "~2.1.0"
      ws "~3.3.1"
    optionalDependencies:
      uws "~9.14.0"
  
  ent@~2.2.0:
    version "2.2.0"
    resolved "http://r.cnpmjs.org/ent/download/ent-2.2.0.tgz#e964219325a21d05f44466a2f686ed6ce5f5dd1d"
  
  error-ex@^1.2.0:
    version "1.3.1"
    resolved "http://r.cnpmjs.org/error-ex/download/error-ex-1.3.1.tgz#f855a86ce61adc4e8621c3cda21e7a7612c3a8dc"
    dependencies:
      is-arrayish "^0.2.1"
  
  escape-html@~1.0.3:
    version "1.0.3"
    resolved "http://r.cnpmjs.org/escape-html/download/escape-html-1.0.3.tgz#0258eae4d3d0c0974de1c169188ef0051d1d1988"
  
  escape-string-regexp@1.0.5, escape-string-regexp@^1.0.2:
    version "1.0.5"
    resolved "http://r.cnpmjs.org/escape-string-regexp/download/escape-string-regexp-1.0.5.tgz#1b61c0562190a8dff6ae3bb2cf0200ca130b86d4"
  
  escodegen@1.8.x:
    version "1.8.1"
    resolved "http://r.cnpmjs.org/escodegen/download/escodegen-1.8.1.tgz#5a5b53af4693110bebb0867aa3430dd3b70a1018"
    dependencies:
      esprima "^2.7.1"
      estraverse "^1.9.1"
      esutils "^2.0.2"
      optionator "^0.8.1"
    optionalDependencies:
      source-map "~0.2.0"
  
  escodegen@1.x.x:
    version "1.9.1"
    resolved "http://r.cnpmjs.org/escodegen/download/escodegen-1.9.1.tgz#dbae17ef96c8e4bedb1356f4504fa4cc2f7cb7e2"
    dependencies:
      esprima "^3.1.3"
      estraverse "^4.2.0"
      esutils "^2.0.2"
      optionator "^0.8.1"
    optionalDependencies:
      source-map "~0.6.1"
  
  esprima@2.7.x, esprima@^2.7.1:
    version "2.7.3"
    resolved "http://r.cnpmjs.org/esprima/download/esprima-2.7.3.tgz#96e3b70d5779f6ad49cd032673d1c312767ba581"
  
  esprima@3.x.x, esprima@^3.1.3:
    version "3.1.3"
    resolved "http://r.cnpmjs.org/esprima/download/esprima-3.1.3.tgz#fdca51cee6133895e3c88d535ce49dbff62a4633"
  
  esprima@^4.0.0:
    version "4.0.0"
    resolved "http://r.cnpmjs.org/esprima/download/esprima-4.0.0.tgz#4499eddcd1110e0b218bacf2fa7f7f59f55ca804"
  
  estraverse@^1.9.1:
    version "1.9.3"
    resolved "http://r.cnpmjs.org/estraverse/download/estraverse-1.9.3.tgz#af67f2dc922582415950926091a4005d29c9bb44"
  
  estraverse@^4.2.0:
    version "4.2.0"
    resolved "http://r.cnpmjs.org/estraverse/download/estraverse-4.2.0.tgz#0dee3fed31fcd469618ce7342099fc1afa0bdb13"
  
  esutils@^2.0.2:
    version "2.0.2"
    resolved "http://r.cnpmjs.org/esutils/download/esutils-2.0.2.tgz#0abf4f1caa5bcb1f7a9d8acc6dea4faaa04bac9b"
  
  eventemitter3@^3.0.0:
    version "3.1.0"
    resolved "http://r.cnpmjs.org/eventemitter3/download/eventemitter3-3.1.0.tgz#090b4d6cdbd645ed10bf750d4b5407942d7ba163"
  
  expand-braces@^0.1.1:
    version "0.1.2"
    resolved "http://r.cnpmjs.org/expand-braces/download/expand-braces-0.1.2.tgz#488b1d1d2451cb3d3a6b192cfc030f44c5855fea"
    dependencies:
      array-slice "^0.2.3"
      array-unique "^0.2.1"
      braces "^0.1.2"
  
  expand-brackets@^0.1.4:
    version "0.1.5"
    resolved "http://r.cnpmjs.org/expand-brackets/download/expand-brackets-0.1.5.tgz#df07284e342a807cd733ac5af72411e581d1177b"
    dependencies:
      is-posix-bracket "^0.1.0"
  
  expand-range@^0.1.0:
    version "0.1.1"
    resolved "http://r.cnpmjs.org/expand-range/download/expand-range-0.1.1.tgz#4cb8eda0993ca56fa4f41fc42f3cbb4ccadff044"
    dependencies:
      is-number "^0.1.1"
      repeat-string "^0.2.2"
  
  expand-range@^1.8.1:
    version "1.8.2"
    resolved "http://r.cnpmjs.org/expand-range/download/expand-range-1.8.2.tgz#a299effd335fe2721ebae8e257ec79644fc85337"
    dependencies:
      fill-range "^2.1.0"
  
  extend@3, extend@^3.0.0, extend@~3.0.0, extend@~3.0.1:
    version "3.0.1"
    resolved "http://r.cnpmjs.org/extend/download/extend-3.0.1.tgz#a755ea7bc1adfcc5a31ce7e762dbaadc5e636444"
  
  extglob@^0.3.1:
    version "0.3.2"
    resolved "http://r.cnpmjs.org/extglob/download/extglob-0.3.2.tgz#2e18ff3d2f49ab2765cec9023f011daa8d8349a1"
    dependencies:
      is-extglob "^1.0.0"
  
  extsprintf@1.3.0:
    version "1.3.0"
    resolved "http://r.cnpmjs.org/extsprintf/download/extsprintf-1.3.0.tgz#96918440e3041a7a414f8c52e3c574eb3c3e1e05"
  
  extsprintf@^1.2.0:
    version "1.4.0"
    resolved "http://r.cnpmjs.org/extsprintf/download/extsprintf-1.4.0.tgz#e2689f8f356fad62cca65a3a91c5df5f9551692f"
  
  fast-deep-equal@^1.0.0:
    version "1.1.0"
    resolved "http://r.cnpmjs.org/fast-deep-equal/download/fast-deep-equal-1.1.0.tgz#c053477817c86b51daa853c81e059b733d023614"
  
  fast-json-stable-stringify@^2.0.0:
    version "2.0.0"
    resolved "http://r.cnpmjs.org/fast-json-stable-stringify/download/fast-json-stable-stringify-2.0.0.tgz#d5142c0caee6b1189f87d3a76111064f86c8bbf2"
  
  fast-levenshtein@~2.0.4:
    version "2.0.6"
    resolved "http://r.cnpmjs.org/fast-levenshtein/download/fast-levenshtein-2.0.6.tgz#3d8a5c66883a16a30ca8643e851f19baa7797917"
  
  file-uri-to-path@1:
    version "1.0.0"
    resolved "http://r.cnpmjs.org/file-uri-to-path/download/file-uri-to-path-1.0.0.tgz#553a7b8446ff6f684359c445f1e37a05dacc33dd"
  
  filename-regex@^2.0.0:
    version "2.0.1"
    resolved "http://r.cnpmjs.org/filename-regex/download/filename-regex-2.0.1.tgz#c1c4b9bee3e09725ddb106b75c1e301fe2f18b26"
  
  fill-range@^2.1.0:
    version "2.2.3"
    resolved "http://r.cnpmjs.org/fill-range/download/fill-range-2.2.3.tgz#50b77dfd7e469bc7492470963699fe7a8485a723"
    dependencies:
      is-number "^2.1.0"
      isobject "^2.0.0"
      randomatic "^1.1.3"
      repeat-element "^1.1.2"
      repeat-string "^1.5.2"
  
  finalhandler@1.1.0:
    version "1.1.0"
    resolved "http://r.cnpmjs.org/finalhandler/download/finalhandler-1.1.0.tgz#ce0b6855b45853e791b2fcc680046d88253dd7f5"
    dependencies:
      debug "2.6.9"
      encodeurl "~1.0.1"
      escape-html "~1.0.3"
      on-finished "~2.3.0"
      parseurl "~1.3.2"
      statuses "~1.3.1"
      unpipe "~1.0.0"
  
  find-up@^1.0.0:
    version "1.1.2"
    resolved "http://r.cnpmjs.org/find-up/download/find-up-1.1.2.tgz#6b2e9822b1a2ce0a60ab64d610eccad53cb24d0f"
    dependencies:
      path-exists "^2.0.0"
      pinkie-promise "^2.0.0"
  
  follow-redirects@1.0.0:
    version "1.0.0"
    resolved "http://r.cnpmjs.org/follow-redirects/download/follow-redirects-1.0.0.tgz#8e34298cbd2e176f254effec75a1c78cc849fd37"
    dependencies:
      debug "^2.2.0"
  
  follow-redirects@^1.0.0:
    version "1.4.1"
    resolved "http://r.cnpmjs.org/follow-redirects/download/follow-redirects-1.4.1.tgz#d8120f4518190f55aac65bb6fc7b85fcd666d6aa"
    dependencies:
      debug "^3.1.0"
  
  for-in@^1.0.1:
    version "1.0.2"
    resolved "http://r.cnpmjs.org/for-in/download/for-in-1.0.2.tgz#81068d295a8142ec0ac726c6e2200c30fb6d5e80"
  
  for-own@^0.1.4:
    version "0.1.5"
    resolved "http://r.cnpmjs.org/for-own/download/for-own-0.1.5.tgz#5265c681a4f294dabbf17c9509b6763aa84510ce"
    dependencies:
      for-in "^1.0.1"
  
  forever-agent@~0.6.1:
    version "0.6.1"
    resolved "http://r.cnpmjs.org/forever-agent/download/forever-agent-0.6.1.tgz#fbc71f0c41adeb37f96c577ad1ed42d8fdacca91"
  
  form-data@~2.0.0:
    version "2.0.0"
    resolved "http://r.cnpmjs.org/form-data/download/form-data-2.0.0.tgz#6f0aebadcc5da16c13e1ecc11137d85f9b883b25"
    dependencies:
      asynckit "^0.4.0"
      combined-stream "^1.0.5"
      mime-types "^2.1.11"
  
  form-data@~2.1.1:
    version "2.1.4"
    resolved "http://r.cnpmjs.org/form-data/download/form-data-2.1.4.tgz#33c183acf193276ecaa98143a69e94bfee1750d1"
    dependencies:
      asynckit "^0.4.0"
      combined-stream "^1.0.5"
      mime-types "^2.1.12"
  
  form-data@~2.3.1:
    version "2.3.2"
    resolved "http://r.cnpmjs.org/form-data/download/form-data-2.3.2.tgz#4970498be604c20c005d4f5c23aecd21d6b49099"
    dependencies:
      asynckit "^0.4.0"
      combined-stream "1.0.6"
      mime-types "^2.1.12"
  
  fs-minipass@^1.2.5:
    version "1.2.5"
    resolved "http://r.cnpmjs.org/fs-minipass/download/fs-minipass-1.2.5.tgz#06c277218454ec288df77ada54a03b8702aacb9d"
    dependencies:
      minipass "^2.2.1"
  
  fs.realpath@^1.0.0:
    version "1.0.0"
    resolved "http://r.cnpmjs.org/fs.realpath/download/fs.realpath-1.0.0.tgz#1504ad2523158caa40db4a2787cb01411994ea4f"
  
  fsevents@^1.0.0:
    version "1.2.3"
    resolved "http://r.cnpmjs.org/fsevents/download/fsevents-1.2.3.tgz#08292982e7059f6674c93d8b829c1e8604979ac0"
    dependencies:
      nan "^2.9.2"
      node-pre-gyp "^0.9.0"
  
  ftp@~0.3.10:
    version "0.3.10"
    resolved "http://r.cnpmjs.org/ftp/download/ftp-0.3.10.tgz#9197d861ad8142f3e63d5a83bfe4c59f7330885d"
    dependencies:
      readable-stream "1.1.x"
      xregexp "2.0.0"
  
  gauge@~2.7.3:
    version "2.7.4"
    resolved "http://r.cnpmjs.org/gauge/download/gauge-2.7.4.tgz#2c03405c7538c39d7eb37b317022e325fb018bf7"
    dependencies:
      aproba "^1.0.3"
      console-control-strings "^1.0.0"
      has-unicode "^2.0.0"
      object-assign "^4.1.0"
      signal-exit "^3.0.0"
      string-width "^1.0.1"
      strip-ansi "^3.0.1"
      wide-align "^1.1.0"
  
  generate-function@^2.0.0:
    version "2.0.0"
    resolved "http://r.cnpmjs.org/generate-function/download/generate-function-2.0.0.tgz#6858fe7c0969b7d4e9093337647ac79f60dfbe74"
  
  generate-object-property@^1.1.0:
    version "1.2.0"
    resolved "http://r.cnpmjs.org/generate-object-property/download/generate-object-property-1.2.0.tgz#9c0e1c40308ce804f4783618b937fa88f99d50d0"
    dependencies:
      is-property "^1.0.0"
  
  get-func-name@^2.0.0:
    version "2.0.0"
    resolved "http://r.cnpmjs.org/get-func-name/download/get-func-name-2.0.0.tgz#ead774abee72e20409433a066366023dd6887a41"
  
  get-stdin@^4.0.1:
    version "4.0.1"
    resolved "http://r.cnpmjs.org/get-stdin/download/get-stdin-4.0.1.tgz#b968c6b0a04384324902e8bf1a5df32579a450fe"
  
  get-uri@2:
    version "2.0.1"
    resolved "http://r.cnpmjs.org/get-uri/download/get-uri-2.0.1.tgz#dbdcacacd8c608a38316869368117697a1631c59"
    dependencies:
      data-uri-to-buffer "1"
      debug "2"
      extend "3"
      file-uri-to-path "1"
      ftp "~0.3.10"
      readable-stream "2"
  
  getpass@^0.1.1:
    version "0.1.7"
    resolved "http://r.cnpmjs.org/getpass/download/getpass-0.1.7.tgz#5eff8e3e684d569ae4cb2b1282604e8ba62149fa"
    dependencies:
      assert-plus "^1.0.0"
  
  glob-base@^0.3.0:
    version "0.3.0"
    resolved "http://r.cnpmjs.org/glob-base/download/glob-base-0.3.0.tgz#dbb164f6221b1c0b1ccf82aea328b497df0ea3c4"
    dependencies:
      glob-parent "^2.0.0"
      is-glob "^2.0.0"
  
  glob-parent@^2.0.0:
    version "2.0.0"
    resolved "http://r.cnpmjs.org/glob-parent/download/glob-parent-2.0.0.tgz#81383d72db054fcccf5336daa902f182f6edbb28"
    dependencies:
      is-glob "^2.0.0"
  
  glob@7.1.2, glob@^7.0.5, glob@^7.1.1:
    version "7.1.2"
    resolved "http://r.cnpmjs.org/glob/download/glob-7.1.2.tgz#c19c9df9a028702d678612384a6552404c636d15"
    dependencies:
      fs.realpath "^1.0.0"
      inflight "^1.0.4"
      inherits "2"
      minimatch "^3.0.4"
      once "^1.3.0"
      path-is-absolute "^1.0.0"
  
  glob@^5.0.15:
    version "5.0.15"
    resolved "http://r.cnpmjs.org/glob/download/glob-5.0.15.tgz#1bc936b9e02f4a603fcc222ecf7633d30b8b93b1"
    dependencies:
      inflight "^1.0.4"
      inherits "2"
      minimatch "2 || 3"
      once "^1.3.0"
      path-is-absolute "^1.0.0"
  
  graceful-fs@^4.1.2:
    version "4.1.11"
    resolved "http://r.cnpmjs.org/graceful-fs/download/graceful-fs-4.1.11.tgz#0e8bdfe4d1ddb8854d64e04ea7c00e2a026e5658"
  
  growl@1.10.3:
    version "1.10.3"
    resolved "http://r.cnpmjs.org/growl/download/growl-1.10.3.tgz#1926ba90cf3edfe2adb4927f5880bc22c66c790f"
  
  handlebars@^4.0.1:
    version "4.0.11"
    resolved "http://r.cnpmjs.org/handlebars/download/handlebars-4.0.11.tgz#630a35dfe0294bc281edae6ffc5d329fc7982dcc"
    dependencies:
      async "^1.4.0"
      optimist "^0.6.1"
      source-map "^0.4.4"
    optionalDependencies:
      uglify-js "^2.6"
  
  har-schema@^2.0.0:
    version "2.0.0"
    resolved "http://r.cnpmjs.org/har-schema/download/har-schema-2.0.0.tgz#a94c2224ebcac04782a0d9035521f24735b7ec92"
  
  har-validator@~2.0.6:
    version "2.0.6"
    resolved "http://r.cnpmjs.org/har-validator/download/har-validator-2.0.6.tgz#cdcbc08188265ad119b6a5a7c8ab70eecfb5d27d"
    dependencies:
      chalk "^1.1.1"
      commander "^2.9.0"
      is-my-json-valid "^2.12.4"
      pinkie-promise "^2.0.0"
  
  har-validator@~5.0.3:
    version "5.0.3"
    resolved "http://r.cnpmjs.org/har-validator/download/har-validator-5.0.3.tgz#ba402c266194f15956ef15e0fcf242993f6a7dfd"
    dependencies:
      ajv "^5.1.0"
      har-schema "^2.0.0"
  
  has-ansi@^2.0.0:
    version "2.0.0"
    resolved "http://r.cnpmjs.org/has-ansi/download/has-ansi-2.0.0.tgz#34f5049ce1ecdf2b0649af3ef24e45ed35416d91"
    dependencies:
      ansi-regex "^2.0.0"
  
  has-binary2@~1.0.2:
    version "1.0.2"
    resolved "http://r.cnpmjs.org/has-binary2/download/has-binary2-1.0.2.tgz#e83dba49f0b9be4d026d27365350d9f03f54be98"
    dependencies:
      isarray "2.0.1"
  
  has-cors@1.1.0:
    version "1.1.0"
    resolved "http://r.cnpmjs.org/has-cors/download/has-cors-1.1.0.tgz#5e474793f7ea9843d1bb99c23eef49ff126fff39"
  
  has-flag@^1.0.0:
    version "1.0.0"
    resolved "http://r.cnpmjs.org/has-flag/download/has-flag-1.0.0.tgz#9d9e793165ce017a00f00418c43f942a7b1d11fa"
  
  has-flag@^2.0.0:
    version "2.0.0"
    resolved "http://r.cnpmjs.org/has-flag/download/has-flag-2.0.0.tgz#e8207af1cc7b30d446cc70b734b5e8be18f88d51"
  
  has-unicode@^2.0.0:
    version "2.0.1"
    resolved "http://r.cnpmjs.org/has-unicode/download/has-unicode-2.0.1.tgz#e0e6fe6a28cf51138855e086d1691e771de2a8b9"
  
  hawk@~3.1.3:
    version "3.1.3"
    resolved "http://r.cnpmjs.org/hawk/download/hawk-3.1.3.tgz#078444bd7c1640b0fe540d2c9b73d59678e8e1c4"
    dependencies:
      boom "2.x.x"
      cryptiles "2.x.x"
      hoek "2.x.x"
      sntp "1.x.x"
  
  hawk@~6.0.2:
    version "6.0.2"
    resolved "http://r.cnpmjs.org/hawk/download/hawk-6.0.2.tgz#af4d914eb065f9b5ce4d9d11c1cb2126eecc3038"
    dependencies:
      boom "4.x.x"
      cryptiles "3.x.x"
      hoek "4.x.x"
      sntp "2.x.x"
  
  he@1.1.1:
    version "1.1.1"
    resolved "http://r.cnpmjs.org/he/download/he-1.1.1.tgz#93410fd21b009735151f8868c2f271f3427e23fd"
  
  hipchat-notifier@^1.1.0:
    version "1.1.0"
    resolved "http://r.cnpmjs.org/hipchat-notifier/download/hipchat-notifier-1.1.0.tgz#b6d249755437c191082367799d3ba9a0f23b231e"
    dependencies:
      lodash "^4.0.0"
      request "^2.0.0"
  
  hoek@2.x.x:
    version "2.16.3"
    resolved "http://r.cnpmjs.org/hoek/download/hoek-2.16.3.tgz#20bb7403d3cea398e91dc4710a8ff1b8274a25ed"
  
  hoek@4.x.x:
    version "4.2.1"
    resolved "http://r.cnpmjs.org/hoek/download/hoek-4.2.1.tgz#9634502aa12c445dd5a7c5734b572bb8738aacbb"
  
  hosted-git-info@^2.1.4:
    version "2.6.0"
    resolved "http://r.cnpmjs.org/hosted-git-info/download/hosted-git-info-2.6.0.tgz#23235b29ab230c576aab0d4f13fc046b0b038222"
  
  http-errors@1.6.2:
    version "1.6.2"
    resolved "http://r.cnpmjs.org/http-errors/download/http-errors-1.6.2.tgz#0a002cc85707192a7e7946ceedc11155f60ec736"
    dependencies:
      depd "1.1.1"
      inherits "2.0.3"
      setprototypeof "1.0.3"
      statuses ">= 1.3.1 < 2"
  
  http-errors@~1.6.2:
    version "1.6.3"
    resolved "http://r.cnpmjs.org/http-errors/download/http-errors-1.6.3.tgz#8b55680bb4be283a0b5bf4ea2e38580be1d9320d"
    dependencies:
      depd "~1.1.2"
      inherits "2.0.3"
      setprototypeof "1.1.0"
      statuses ">= 1.4.0 < 2"
  
  http-proxy-agent@1:
    version "1.0.0"
    resolved "http://r.cnpmjs.org/http-proxy-agent/download/http-proxy-agent-1.0.0.tgz#cc1ce38e453bf984a0f7702d2dd59c73d081284a"
    dependencies:
      agent-base "2"
      debug "2"
      extend "3"
  
  http-proxy@^1.13.0:
    version "1.17.0"
    resolved "http://r.cnpmjs.org/http-proxy/download/http-proxy-1.17.0.tgz#7ad38494658f84605e2f6db4436df410f4e5be9a"
    dependencies:
      eventemitter3 "^3.0.0"
      follow-redirects "^1.0.0"
      requires-port "^1.0.0"
  
  http-signature@~1.1.0:
    version "1.1.1"
    resolved "http://r.cnpmjs.org/http-signature/download/http-signature-1.1.1.tgz#df72e267066cd0ac67fb76adf8e134a8fbcf91bf"
    dependencies:
      assert-plus "^0.2.0"
      jsprim "^1.2.2"
      sshpk "^1.7.0"
  
  http-signature@~1.2.0:
    version "1.2.0"
    resolved "http://r.cnpmjs.org/http-signature/download/http-signature-1.2.0.tgz#9aecd925114772f3d95b65a60abb8f7c18fbace1"
    dependencies:
      assert-plus "^1.0.0"
      jsprim "^1.2.2"
      sshpk "^1.7.0"
  
  httpntlm@1.6.1:
    version "1.6.1"
    resolved "http://r.cnpmjs.org/httpntlm/download/httpntlm-1.6.1.tgz#ad01527143a2e8773cfae6a96f58656bb52a34b2"
    dependencies:
      httpreq ">=0.4.22"
      underscore "~1.7.0"
  
  httpreq@>=0.4.22:
    version "0.4.24"
    resolved "http://r.cnpmjs.org/httpreq/download/httpreq-0.4.24.tgz#4335ffd82cd969668a39465c929ac61d6393627f"
  
  https-proxy-agent@1:
    version "1.0.0"
    resolved "http://r.cnpmjs.org/https-proxy-agent/download/https-proxy-agent-1.0.0.tgz#35f7da6c48ce4ddbfa264891ac593ee5ff8671e6"
    dependencies:
      agent-base "2"
      debug "2"
      extend "3"
  
  iconv-lite@0.4.15:
    version "0.4.15"
    resolved "http://r.cnpmjs.org/iconv-lite/download/iconv-lite-0.4.15.tgz#fe265a218ac6a57cfe854927e9d04c19825eddeb"
  
  iconv-lite@0.4.19:
    version "0.4.19"
    resolved "http://r.cnpmjs.org/iconv-lite/download/iconv-lite-0.4.19.tgz#f7468f60135f5e5dad3399c0a81be9a1603a082b"
  
  iconv-lite@^0.4.4:
    version "0.4.21"
    resolved "http://r.cnpmjs.org/iconv-lite/download/iconv-lite-0.4.21.tgz#c47f8733d02171189ebc4a400f3218d348094798"
    dependencies:
      safer-buffer "^2.1.0"
  
  ignore-walk@^3.0.1:
    version "3.0.1"
    resolved "http://r.cnpmjs.org/ignore-walk/download/ignore-walk-3.0.1.tgz#a83e62e7d272ac0e3b551aaa82831a19b69f82f8"
    dependencies:
      minimatch "^3.0.4"
  
  indent-string@^2.1.0:
    version "2.1.0"
    resolved "http://r.cnpmjs.org/indent-string/download/indent-string-2.1.0.tgz#8e2d48348742121b4a8218b7a137e9a52049dc80"
    dependencies:
      repeating "^2.0.0"
  
  indexof@0.0.1:
    version "0.0.1"
    resolved "http://r.cnpmjs.org/indexof/download/indexof-0.0.1.tgz#82dc336d232b9062179d05ab3293a66059fd435d"
  
  inflection@~1.10.0:
    version "1.10.0"
    resolved "http://r.cnpmjs.org/inflection/download/inflection-1.10.0.tgz#5bffcb1197ad3e81050f8e17e21668087ee9eb2f"
  
  inflection@~1.3.0:
    version "1.3.8"
    resolved "http://r.cnpmjs.org/inflection/download/inflection-1.3.8.tgz#cbd160da9f75b14c3cc63578d4f396784bf3014e"
  
  inflight@^1.0.4:
    version "1.0.6"
    resolved "http://r.cnpmjs.org/inflight/download/inflight-1.0.6.tgz#49bd6331d7d02d0c09bc910a1075ba8165b56df9"
    dependencies:
      once "^1.3.0"
      wrappy "1"
  
  inherits@2, inherits@2.0.3, inherits@^2.0.1, inherits@~2.0.1, inherits@~2.0.3:
    version "2.0.3"
    resolved "http://r.cnpmjs.org/inherits/download/inherits-2.0.3.tgz#633c2c83e3da42a502f52466022480f4208261de"
  
  ini@~1.3.0:
    version "1.3.5"
    resolved "http://r.cnpmjs.org/ini/download/ini-1.3.5.tgz#eee25f56db1c9ec6085e0c22778083f596abf927"
  
  ip@1.0.1:
    version "1.0.1"
    resolved "http://r.cnpmjs.org/ip/download/ip-1.0.1.tgz#c7e356cdea225ae71b36d70f2e71a92ba4e42590"
  
  ip@^1.1.2, ip@^1.1.4:
    version "1.1.5"
    resolved "http://r.cnpmjs.org/ip/download/ip-1.1.5.tgz#bdded70114290828c0a039e72ef25f5aaec4354a"
  
  is-arrayish@^0.2.1:
    version "0.2.1"
    resolved "http://r.cnpmjs.org/is-arrayish/download/is-arrayish-0.2.1.tgz#77c99840527aa8ecb1a8ba697b80645a7a926a9d"
  
  is-binary-path@^1.0.0:
    version "1.0.1"
    resolved "http://r.cnpmjs.org/is-binary-path/download/is-binary-path-1.0.1.tgz#75f16642b480f187a711c814161fd3a4a7655898"
    dependencies:
      binary-extensions "^1.0.0"
  
  is-buffer@^1.1.5:
    version "1.1.6"
    resolved "http://r.cnpmjs.org/is-buffer/download/is-buffer-1.1.6.tgz#efaa2ea9daa0d7ab2ea13a97b2b8ad51fefbe8be"
  
  is-builtin-module@^1.0.0:
    version "1.0.0"
    resolved "http://r.cnpmjs.org/is-builtin-module/download/is-builtin-module-1.0.0.tgz#540572d34f7ac3119f8f76c30cbc1b1e037affbe"
    dependencies:
      builtin-modules "^1.0.0"
  
  is-dotfile@^1.0.0:
    version "1.0.3"
    resolved "http://r.cnpmjs.org/is-dotfile/download/is-dotfile-1.0.3.tgz#a6a2f32ffd2dfb04f5ca25ecd0f6b83cf798a1e1"
  
  is-equal-shallow@^0.1.3:
    version "0.1.3"
    resolved "http://r.cnpmjs.org/is-equal-shallow/download/is-equal-shallow-0.1.3.tgz#2238098fc221de0bcfa5d9eac4c45d638aa1c534"
    dependencies:
      is-primitive "^2.0.0"
  
  is-extendable@^0.1.1:
    version "0.1.1"
    resolved "http://r.cnpmjs.org/is-extendable/download/is-extendable-0.1.1.tgz#62b110e289a471418e3ec36a617d472e301dfc89"
  
  is-extglob@^1.0.0:
    version "1.0.0"
    resolved "http://r.cnpmjs.org/is-extglob/download/is-extglob-1.0.0.tgz#ac468177c4943405a092fc8f29760c6ffc6206c0"
  
  is-finite@^1.0.0:
    version "1.0.2"
    resolved "http://r.cnpmjs.org/is-finite/download/is-finite-1.0.2.tgz#cc6677695602be550ef11e8b4aa6305342b6d0aa"
    dependencies:
      number-is-nan "^1.0.0"
  
  is-fullwidth-code-point@^1.0.0:
    version "1.0.0"
    resolved "http://r.cnpmjs.org/is-fullwidth-code-point/download/is-fullwidth-code-point-1.0.0.tgz#ef9e31386f031a7f0d643af82fde50c457ef00cb"
    dependencies:
      number-is-nan "^1.0.0"
  
  is-glob@^2.0.0, is-glob@^2.0.1:
    version "2.0.1"
    resolved "http://r.cnpmjs.org/is-glob/download/is-glob-2.0.1.tgz#d096f926a3ded5600f3fdfd91198cb0888c2d863"
    dependencies:
      is-extglob "^1.0.0"
  
  is-my-ip-valid@^1.0.0:
    version "1.0.0"
    resolved "http://r.cnpmjs.org/is-my-ip-valid/download/is-my-ip-valid-1.0.0.tgz#7b351b8e8edd4d3995d4d066680e664d94696824"
  
  is-my-json-valid@^2.12.4:
    version "2.17.2"
    resolved "http://r.cnpmjs.org/is-my-json-valid/download/is-my-json-valid-2.17.2.tgz#6b2103a288e94ef3de5cf15d29dd85fc4b78d65c"
    dependencies:
      generate-function "^2.0.0"
      generate-object-property "^1.1.0"
      is-my-ip-valid "^1.0.0"
      jsonpointer "^4.0.0"
      xtend "^4.0.0"
  
  is-number@^0.1.1:
    version "0.1.1"
    resolved "http://r.cnpmjs.org/is-number/download/is-number-0.1.1.tgz#69a7af116963d47206ec9bd9b48a14216f1e3806"
  
  is-number@^2.1.0:
    version "2.1.0"
    resolved "http://r.cnpmjs.org/is-number/download/is-number-2.1.0.tgz#01fcbbb393463a548f2f466cce16dece49db908f"
    dependencies:
      kind-of "^3.0.2"
  
  is-number@^3.0.0:
    version "3.0.0"
    resolved "http://r.cnpmjs.org/is-number/download/is-number-3.0.0.tgz#24fd6201a4782cf50561c810276afc7d12d71195"
    dependencies:
      kind-of "^3.0.2"
  
  is-posix-bracket@^0.1.0:
    version "0.1.1"
    resolved "http://r.cnpmjs.org/is-posix-bracket/download/is-posix-bracket-0.1.1.tgz#3334dc79774368e92f016e6fbc0a88f5cd6e6bc4"
  
  is-primitive@^2.0.0:
    version "2.0.0"
    resolved "http://r.cnpmjs.org/is-primitive/download/is-primitive-2.0.0.tgz#207bab91638499c07b2adf240a41a87210034575"
  
  is-property@^1.0.0:
    version "1.0.2"
    resolved "http://r.cnpmjs.org/is-property/download/is-property-1.0.2.tgz#57fe1c4e48474edd65b09911f26b1cd4095dda84"
  
  is-stream@^1.1.0:
    version "1.1.0"
    resolved "http://r.cnpmjs.org/is-stream/download/is-stream-1.1.0.tgz#12d4a3dd4e68e0b79ceb8dbc84173ae80d91ca44"
  
  is-typedarray@~1.0.0:
    version "1.0.0"
    resolved "http://r.cnpmjs.org/is-typedarray/download/is-typedarray-1.0.0.tgz#e479c80858df0c1b11ddda6940f96011fcda4a9a"
  
  is-utf8@^0.2.0:
    version "0.2.1"
    resolved "http://r.cnpmjs.org/is-utf8/download/is-utf8-0.2.1.tgz#4b0da1442104d1b336340e80797e865cf39f7d72"
  
  isarray@0.0.1:
    version "0.0.1"
    resolved "http://r.cnpmjs.org/isarray/download/isarray-0.0.1.tgz#8a18acfca9a8f4177e09abfc6038939b05d1eedf"
  
  isarray@1.0.0, isarray@~1.0.0:
    version "1.0.0"
    resolved "http://r.cnpmjs.org/isarray/download/isarray-1.0.0.tgz#bb935d48582cba168c06834957a54a3e07124f11"
  
  isarray@2.0.1:
    version "2.0.1"
    resolved "http://r.cnpmjs.org/isarray/download/isarray-2.0.1.tgz#a37d94ed9cda2d59865c9f76fe596ee1f338741e"
  
  isbinaryfile@^3.0.0:
    version "3.0.2"
    resolved "http://r.cnpmjs.org/isbinaryfile/download/isbinaryfile-3.0.2.tgz#4a3e974ec0cba9004d3fc6cde7209ea69368a621"
  
  isexe@^2.0.0:
    version "2.0.0"
    resolved "http://r.cnpmjs.org/isexe/download/isexe-2.0.0.tgz#e8fbf374dc556ff8947a10dcb0572d633f2cfa10"
  
  isobject@^2.0.0:
    version "2.1.0"
    resolved "http://r.cnpmjs.org/isobject/download/isobject-2.1.0.tgz#f065561096a3f1da2ef46272f815c840d87e0c89"
    dependencies:
      isarray "1.0.0"
  
  isstream@~0.1.2:
    version "0.1.2"
    resolved "http://r.cnpmjs.org/isstream/download/isstream-0.1.2.tgz#47e63f7af55afa6f92e1500e690eb8b8529c099a"
  
  istanbul@^0.4.0:
    version "0.4.5"
    resolved "http://r.cnpmjs.org/istanbul/download/istanbul-0.4.5.tgz#65c7d73d4c4da84d4f3ac310b918fb0b8033733b"
    dependencies:
      abbrev "1.0.x"
      async "1.x"
      escodegen "1.8.x"
      esprima "2.7.x"
      glob "^5.0.15"
      handlebars "^4.0.1"
      js-yaml "3.x"
      mkdirp "0.5.x"
      nopt "3.x"
      once "1.x"
      resolve "1.1.x"
      supports-color "^3.1.0"
      which "^1.1.1"
      wordwrap "^1.0.0"
  
  js-yaml@3.x:
    version "3.11.0"
    resolved "http://r.cnpmjs.org/js-yaml/download/js-yaml-3.11.0.tgz#597c1a8bd57152f26d622ce4117851a51f5ebaef"
    dependencies:
      argparse "^1.0.7"
      esprima "^4.0.0"
  
  jsbn@~0.1.0:
    version "0.1.1"
    resolved "http://r.cnpmjs.org/jsbn/download/jsbn-0.1.1.tgz#a5e654c2e5a2deb5f201d96cefbca80c0ef2f513"
  
  json-schema-traverse@^0.3.0:
    version "0.3.1"
    resolved "http://r.cnpmjs.org/json-schema-traverse/download/json-schema-traverse-0.3.1.tgz#349a6d44c53a51de89b40805c5d5e59b417d3340"
  
  json-schema@0.2.3:
    version "0.2.3"
    resolved "http://r.cnpmjs.org/json-schema/download/json-schema-0.2.3.tgz#b480c892e59a2f05954ce727bd3f2a4e882f9e13"
  
  json-stringify-safe@5.0.x, json-stringify-safe@~5.0.1:
    version "5.0.1"
    resolved "http://r.cnpmjs.org/json-stringify-safe/download/json-stringify-safe-5.0.1.tgz#1296a2d58fd45f19a0f6ce01d65701e2c735b6eb"
  
  jsonpointer@^4.0.0:
    version "4.0.1"
    resolved "http://r.cnpmjs.org/jsonpointer/download/jsonpointer-4.0.1.tgz#4fd92cb34e0e9db3c89c8622ecf51f9b978c6cb9"
  
  jsprim@^1.2.2:
    version "1.4.1"
    resolved "http://r.cnpmjs.org/jsprim/download/jsprim-1.4.1.tgz#313e66bc1e5cc06e438bc1b7499c2e5c56acb6a2"
    dependencies:
      assert-plus "1.0.0"
      extsprintf "1.3.0"
      json-schema "0.2.3"
      verror "1.10.0"
  
  karma-coverage@^1.1.1:
    version "1.1.1"
    resolved "http://r.cnpmjs.org/karma-coverage/download/karma-coverage-1.1.1.tgz#5aff8b39cf6994dc22de4c84362c76001b637cf6"
    dependencies:
      dateformat "^1.0.6"
      istanbul "^0.4.0"
      lodash "^3.8.0"
      minimatch "^3.0.0"
      source-map "^0.5.1"
  
  karma@^2.0.2:
    version "2.0.2"
    resolved "http://r.cnpmjs.org/karma/download/karma-2.0.2.tgz#4d2db9402850a66551fa784b0164fb0824ed8c4b"
    dependencies:
      bluebird "^3.3.0"
      body-parser "^1.16.1"
      chokidar "^1.4.1"
      colors "^1.1.0"
      combine-lists "^1.0.0"
      connect "^3.6.0"
      core-js "^2.2.0"
      di "^0.0.1"
      dom-serialize "^2.2.0"
      expand-braces "^0.1.1"
      glob "^7.1.1"
      graceful-fs "^4.1.2"
      http-proxy "^1.13.0"
      isbinaryfile "^3.0.0"
      lodash "^4.17.4"
      log4js "^2.3.9"
      mime "^1.3.4"
      minimatch "^3.0.2"
      optimist "^0.6.1"
      qjobs "^1.1.4"
      range-parser "^1.2.0"
      rimraf "^2.6.0"
      safe-buffer "^5.0.1"
      socket.io "2.0.4"
      source-map "^0.6.1"
      tmp "0.0.33"
      useragent "2.2.1"
  
  kind-of@^3.0.2:
    version "3.2.2"
    resolved "http://r.cnpmjs.org/kind-of/download/kind-of-3.2.2.tgz#31ea21a734bab9bbb0f32466d893aea51e4a3c64"
    dependencies:
      is-buffer "^1.1.5"
  
  kind-of@^4.0.0:
    version "4.0.0"
    resolved "http://r.cnpmjs.org/kind-of/download/kind-of-4.0.0.tgz#20813df3d712928b207378691a45066fae72dd57"
    dependencies:
      is-buffer "^1.1.5"
  
  lazy-cache@^1.0.3:
    version "1.0.4"
    resolved "http://r.cnpmjs.org/lazy-cache/download/lazy-cache-1.0.4.tgz#a1d78fc3a50474cb80845d3b3b6e1da49a446e8e"
  
  levn@~0.3.0:
    version "0.3.0"
    resolved "http://r.cnpmjs.org/levn/download/levn-0.3.0.tgz#3b09924edf9f083c0490fdd4c0bc4421e04764ee"
    dependencies:
      prelude-ls "~1.1.2"
      type-check "~0.3.2"
  
  libbase64@0.1.0:
    version "0.1.0"
    resolved "http://r.cnpmjs.org/libbase64/download/libbase64-0.1.0.tgz#62351a839563ac5ff5bd26f12f60e9830bb751e6"
  
  libmime@3.0.0:
    version "3.0.0"
    resolved "http://r.cnpmjs.org/libmime/download/libmime-3.0.0.tgz#51a1a9e7448ecbd32cda54421675bb21bc093da6"
    dependencies:
      iconv-lite "0.4.15"
      libbase64 "0.1.0"
      libqp "1.1.0"
  
  libqp@1.1.0:
    version "1.1.0"
    resolved "http://r.cnpmjs.org/libqp/download/libqp-1.1.0.tgz#f5e6e06ad74b794fb5b5b66988bf728ef1dedbe8"
  
  load-json-file@^1.0.0:
    version "1.1.0"
    resolved "http://r.cnpmjs.org/load-json-file/download/load-json-file-1.1.0.tgz#956905708d58b4bab4c2261b04f59f31c99374c0"
    dependencies:
      graceful-fs "^4.1.2"
      parse-json "^2.2.0"
      pify "^2.0.0"
      pinkie-promise "^2.0.0"
      strip-bom "^2.0.0"
  
  lodash@^3.8.0:
    version "3.10.1"
    resolved "http://r.cnpmjs.org/lodash/download/lodash-3.10.1.tgz#5bf45e8e49ba4189e17d482789dfd15bd140b7b6"
  
  lodash@^4.0.0, lodash@^4.14.0, lodash@^4.15.0, lodash@^4.17.4, lodash@^4.5.0:
    version "4.17.10"
    resolved "http://r.cnpmjs.org/lodash/download/lodash-4.17.10.tgz#1b7793cf7259ea38fb3661d4d38b3260af8ae4e7"
  
  log4js@^2.3.9:
    version "2.5.3"
    resolved "http://r.cnpmjs.org/log4js/download/log4js-2.5.3.tgz#38bb7bde5e9c1c181bd75e8bc128c5cd0409caf1"
    dependencies:
      circular-json "^0.5.1"
      date-format "^1.2.0"
      debug "^3.1.0"
      semver "^5.3.0"
      streamroller "^0.7.0"
    optionalDependencies:
      amqplib "^0.5.2"
      axios "^0.15.3"
      hipchat-notifier "^1.1.0"
      loggly "^1.1.0"
      mailgun-js "^0.7.0"
      nodemailer "^2.5.0"
      redis "^2.7.1"
      slack-node "~0.2.0"
  
  loggly@^1.1.0:
    version "1.1.1"
    resolved "http://r.cnpmjs.org/loggly/download/loggly-1.1.1.tgz#0a0fc1d3fa3a5ec44fdc7b897beba2a4695cebee"
    dependencies:
      json-stringify-safe "5.0.x"
      request "2.75.x"
      timespan "2.3.x"
  
  longest@^1.0.1:
    version "1.0.1"
    resolved "http://r.cnpmjs.org/longest/download/longest-1.0.1.tgz#30a0b2da38f73770e8294a0d22e6625ed77d0097"
  
  loud-rejection@^1.0.0:
    version "1.6.0"
    resolved "http://r.cnpmjs.org/loud-rejection/download/loud-rejection-1.6.0.tgz#5b46f80147edee578870f086d04821cf998e551f"
    dependencies:
      currently-unhandled "^0.4.1"
      signal-exit "^3.0.0"
  
  lru-cache@2.2.x:
    version "2.2.4"
    resolved "http://r.cnpmjs.org/lru-cache/download/lru-cache-2.2.4.tgz#6c658619becf14031d0d0b594b16042ce4dc063d"
  
  lru-cache@~2.6.5:
    version "2.6.5"
    resolved "http://r.cnpmjs.org/lru-cache/download/lru-cache-2.6.5.tgz#e56d6354148ede8d7707b58d143220fd08df0fd5"
  
  mailcomposer@4.0.1:
    version "4.0.1"
    resolved "http://r.cnpmjs.org/mailcomposer/download/mailcomposer-4.0.1.tgz#0e1c44b2a07cf740ee17dc149ba009f19cadfeb4"
    dependencies:
      buildmail "4.0.1"
      libmime "3.0.0"
  
  mailgun-js@^0.7.0:
    version "0.7.15"
    resolved "http://r.cnpmjs.org/mailgun-js/download/mailgun-js-0.7.15.tgz#ee366a20dac64c3c15c03d6c1b3e0ed795252abb"
    dependencies:
      async "~2.1.2"
      debug "~2.2.0"
      form-data "~2.1.1"
      inflection "~1.10.0"
      is-stream "^1.1.0"
      path-proxy "~1.0.0"
      proxy-agent "~2.0.0"
      q "~1.4.0"
      tsscmp "~1.0.0"
  
  map-obj@^1.0.0, map-obj@^1.0.1:
    version "1.0.1"
    resolved "http://r.cnpmjs.org/map-obj/download/map-obj-1.0.1.tgz#d933ceb9205d82bdcf4886f6742bdc2b4dea146d"
  
  media-typer@0.3.0:
    version "0.3.0"
    resolved "http://r.cnpmjs.org/media-typer/download/media-typer-0.3.0.tgz#8710d7af0aa626f8fffa1ce00168545263255748"
  
  meow@^3.3.0:
    version "3.7.0"
    resolved "http://r.cnpmjs.org/meow/download/meow-3.7.0.tgz#72cb668b425228290abbfa856892587308a801fb"
    dependencies:
      camelcase-keys "^2.0.0"
      decamelize "^1.1.2"
      loud-rejection "^1.0.0"
      map-obj "^1.0.1"
      minimist "^1.1.3"
      normalize-package-data "^2.3.4"
      object-assign "^4.0.1"
      read-pkg-up "^1.0.1"
      redent "^1.0.0"
      trim-newlines "^1.0.0"
  
  micromatch@^2.1.5:
    version "2.3.11"
    resolved "http://r.cnpmjs.org/micromatch/download/micromatch-2.3.11.tgz#86677c97d1720b363431d04d0d15293bd38c1565"
    dependencies:
      arr-diff "^2.0.0"
      array-unique "^0.2.1"
      braces "^1.8.2"
      expand-brackets "^0.1.4"
      extglob "^0.3.1"
      filename-regex "^2.0.0"
      is-extglob "^1.0.0"
      is-glob "^2.0.1"
      kind-of "^3.0.2"
      normalize-path "^2.0.1"
      object.omit "^2.0.0"
      parse-glob "^3.0.4"
      regex-cache "^0.4.2"
  
  mime-db@~1.33.0:
    version "1.33.0"
    resolved "http://r.cnpmjs.org/mime-db/download/mime-db-1.33.0.tgz#a3492050a5cb9b63450541e39d9788d2272783db"
  
  mime-types@^2.1.11, mime-types@^2.1.12, mime-types@~2.1.17, mime-types@~2.1.18, mime-types@~2.1.7:
    version "2.1.18"
    resolved "http://r.cnpmjs.org/mime-types/download/mime-types-2.1.18.tgz#6f323f60a83d11146f831ff11fd66e2fe5503bb8"
    dependencies:
      mime-db "~1.33.0"
  
  mime@^1.3.4:
    version "1.6.0"
    resolved "http://r.cnpmjs.org/mime/download/mime-1.6.0.tgz#32cd9e5c64553bd58d19a568af452acff04981b1"
  
  "minimatch@2 || 3", minimatch@3.0.4, minimatch@^3.0.0, minimatch@^3.0.2, minimatch@^3.0.4:
    version "3.0.4"
    resolved "http://r.cnpmjs.org/minimatch/download/minimatch-3.0.4.tgz#5166e286457f03306064be5497e8dbb0c3d32083"
    dependencies:
      brace-expansion "^1.1.7"
  
  minimist@0.0.8:
    version "0.0.8"
    resolved "http://r.cnpmjs.org/minimist/download/minimist-0.0.8.tgz#857fcabfc3397d2625b8228262e86aa7a011b05d"
  
  minimist@^1.1.3, minimist@^1.2.0:
    version "1.2.0"
    resolved "http://r.cnpmjs.org/minimist/download/minimist-1.2.0.tgz#a35008b20f41383eec1fb914f4cd5df79a264284"
  
  minimist@~0.0.1:
    version "0.0.10"
    resolved "http://r.cnpmjs.org/minimist/download/minimist-0.0.10.tgz#de3f98543dbf96082be48ad1a0c7cda836301dcf"
  
  minipass@^2.2.1, minipass@^2.2.4:
    version "2.2.4"
    resolved "http://r.cnpmjs.org/minipass/download/minipass-2.2.4.tgz#03c824d84551ec38a8d1bb5bc350a5a30a354a40"
    dependencies:
      safe-buffer "^5.1.1"
      yallist "^3.0.0"
  
  minizlib@^1.1.0:
    version "1.1.0"
    resolved "http://r.cnpmjs.org/minizlib/download/minizlib-1.1.0.tgz#11e13658ce46bc3a70a267aac58359d1e0c29ceb"
    dependencies:
      minipass "^2.2.1"
  
  mkdirp@0.5.1, mkdirp@0.5.x, mkdirp@^0.5.0, mkdirp@^0.5.1:
    version "0.5.1"
    resolved "http://r.cnpmjs.org/mkdirp/download/mkdirp-0.5.1.tgz#30057438eac6cf7f8c4767f38648d6697d75c903"
    dependencies:
      minimist "0.0.8"
  
  mocha@^5.1.1:
    version "5.1.1"
    resolved "http://r.cnpmjs.org/mocha/download/mocha-5.1.1.tgz#b774c75609dac05eb48f4d9ba1d827b97fde8a7b"
    dependencies:
      browser-stdout "1.3.1"
      commander "2.11.0"
      debug "3.1.0"
      diff "3.5.0"
      escape-string-regexp "1.0.5"
      glob "7.1.2"
      growl "1.10.3"
      he "1.1.1"
      minimatch "3.0.4"
      mkdirp "0.5.1"
      supports-color "4.4.0"
  
  ms@0.7.1:
    version "0.7.1"
    resolved "http://r.cnpmjs.org/ms/download/ms-0.7.1.tgz#9cd13c03adbff25b65effde7ce864ee952017098"
  
  ms@2.0.0:
    version "2.0.0"
    resolved "http://r.cnpmjs.org/ms/download/ms-2.0.0.tgz#5608aeadfc00be6c2901df5f9861788de0d597c8"
  
  nan@^2.9.2:
    version "2.10.0"
    resolved "http://r.cnpmjs.org/nan/download/nan-2.10.0.tgz#96d0cd610ebd58d4b4de9cc0c6828cda99c7548f"
  
  needle@^2.2.0:
    version "2.2.1"
    resolved "http://r.cnpmjs.org/needle/download/needle-2.2.1.tgz#b5e325bd3aae8c2678902fa296f729455d1d3a7d"
    dependencies:
      debug "^2.1.2"
      iconv-lite "^0.4.4"
      sax "^1.2.4"
  
  negotiator@0.6.1:
    version "0.6.1"
    resolved "http://r.cnpmjs.org/negotiator/download/negotiator-0.6.1.tgz#2b327184e8992101177b28563fb5e7102acd0ca9"
  
  netmask@~1.0.4:
    version "1.0.6"
    resolved "http://r.cnpmjs.org/netmask/download/netmask-1.0.6.tgz#20297e89d86f6f6400f250d9f4f6b4c1945fcd35"
  
  node-pre-gyp@^0.9.0:
    version "0.9.1"
    resolved "http://r.cnpmjs.org/node-pre-gyp/download/node-pre-gyp-0.9.1.tgz#f11c07516dd92f87199dbc7e1838eab7cd56c9e0"
    dependencies:
      detect-libc "^1.0.2"
      mkdirp "^0.5.1"
      needle "^2.2.0"
      nopt "^4.0.1"
      npm-packlist "^1.1.6"
      npmlog "^4.0.2"
      rc "^1.1.7"
      rimraf "^2.6.1"
      semver "^5.3.0"
      tar "^4"
  
  node-uuid@~1.4.7:
    version "1.4.8"
    resolved "http://r.cnpmjs.org/node-uuid/download/node-uuid-1.4.8.tgz#b040eb0923968afabf8d32fb1f17f1167fdab907"
  
  nodemailer-direct-transport@3.3.2:
    version "3.3.2"
    resolved "http://r.cnpmjs.org/nodemailer-direct-transport/download/nodemailer-direct-transport-3.3.2.tgz#e96fafb90358560947e569017d97e60738a50a86"
    dependencies:
      nodemailer-shared "1.1.0"
      smtp-connection "2.12.0"
  
  nodemailer-fetch@1.6.0:
    version "1.6.0"
    resolved "http://r.cnpmjs.org/nodemailer-fetch/download/nodemailer-fetch-1.6.0.tgz#79c4908a1c0f5f375b73fe888da9828f6dc963a4"
  
  nodemailer-shared@1.1.0:
    version "1.1.0"
    resolved "http://r.cnpmjs.org/nodemailer-shared/download/nodemailer-shared-1.1.0.tgz#cf5994e2fd268d00f5cf0fa767a08169edb07ec0"
    dependencies:
      nodemailer-fetch "1.6.0"
  
  nodemailer-smtp-pool@2.8.2:
    version "2.8.2"
    resolved "http://r.cnpmjs.org/nodemailer-smtp-pool/download/nodemailer-smtp-pool-2.8.2.tgz#2eb94d6cf85780b1b4725ce853b9cbd5e8da8c72"
    dependencies:
      nodemailer-shared "1.1.0"
      nodemailer-wellknown "0.1.10"
      smtp-connection "2.12.0"
  
  nodemailer-smtp-transport@2.7.2:
    version "2.7.2"
    resolved "http://r.cnpmjs.org/nodemailer-smtp-transport/download/nodemailer-smtp-transport-2.7.2.tgz#03d71c76314f14ac7dbc7bf033a6a6d16d67fb77"
    dependencies:
      nodemailer-shared "1.1.0"
      nodemailer-wellknown "0.1.10"
      smtp-connection "2.12.0"
  
  nodemailer-wellknown@0.1.10:
    version "0.1.10"
    resolved "http://r.cnpmjs.org/nodemailer-wellknown/download/nodemailer-wellknown-0.1.10.tgz#586db8101db30cb4438eb546737a41aad0cf13d5"
  
  nodemailer@^2.5.0:
    version "2.7.2"
    resolved "http://r.cnpmjs.org/nodemailer/download/nodemailer-2.7.2.tgz#f242e649aeeae39b6c7ed740ef7b061c404d30f9"
    dependencies:
      libmime "3.0.0"
      mailcomposer "4.0.1"
      nodemailer-direct-transport "3.3.2"
      nodemailer-shared "1.1.0"
      nodemailer-smtp-pool "2.8.2"
      nodemailer-smtp-transport "2.7.2"
      socks "1.1.9"
  
  nopt@3.x:
    version "3.0.6"
    resolved "http://r.cnpmjs.org/nopt/download/nopt-3.0.6.tgz#c6465dbf08abcd4db359317f79ac68a646b28ff9"
    dependencies:
      abbrev "1"
  
  nopt@^4.0.1:
    version "4.0.1"
    resolved "http://r.cnpmjs.org/nopt/download/nopt-4.0.1.tgz#d0d4685afd5415193c8c7505602d0d17cd64474d"
    dependencies:
      abbrev "1"
      osenv "^0.1.4"
  
  normalize-package-data@^2.3.2, normalize-package-data@^2.3.4:
    version "2.4.0"
    resolved "http://r.cnpmjs.org/normalize-package-data/download/normalize-package-data-2.4.0.tgz#12f95a307d58352075a04907b84ac8be98ac012f"
    dependencies:
      hosted-git-info "^2.1.4"
      is-builtin-module "^1.0.0"
      semver "2 || 3 || 4 || 5"
      validate-npm-package-license "^3.0.1"
  
  normalize-path@^2.0.0, normalize-path@^2.0.1:
    version "2.1.1"
    resolved "http://r.cnpmjs.org/normalize-path/download/normalize-path-2.1.1.tgz#1ab28b556e198363a8c1a6f7e6fa20137fe6aed9"
    dependencies:
      remove-trailing-separator "^1.0.1"
  
  npm-bundled@^1.0.1:
    version "1.0.3"
    resolved "http://r.cnpmjs.org/npm-bundled/download/npm-bundled-1.0.3.tgz#7e71703d973af3370a9591bafe3a63aca0be2308"
  
  npm-packlist@^1.1.6:
    version "1.1.10"
    resolved "http://r.cnpmjs.org/npm-packlist/download/npm-packlist-1.1.10.tgz#1039db9e985727e464df066f4cf0ab6ef85c398a"
    dependencies:
      ignore-walk "^3.0.1"
      npm-bundled "^1.0.1"
  
  npmlog@^4.0.2:
    version "4.1.2"
    resolved "http://r.cnpmjs.org/npmlog/download/npmlog-4.1.2.tgz#08a7f2a8bf734604779a9efa4ad5cc717abb954b"
    dependencies:
      are-we-there-yet "~1.1.2"
      console-control-strings "~1.1.0"
      gauge "~2.7.3"
      set-blocking "~2.0.0"
  
  number-is-nan@^1.0.0:
    version "1.0.1"
    resolved "http://r.cnpmjs.org/number-is-nan/download/number-is-nan-1.0.1.tgz#097b602b53422a522c1afb8790318336941a011d"
  
  oauth-sign@~0.8.1, oauth-sign@~0.8.2:
    version "0.8.2"
    resolved "http://r.cnpmjs.org/oauth-sign/download/oauth-sign-0.8.2.tgz#46a6ab7f0aead8deae9ec0565780b7d4efeb9d43"
  
  object-assign@^4.0.1, object-assign@^4.1.0:
    version "4.1.1"
    resolved "http://r.cnpmjs.org/object-assign/download/object-assign-4.1.1.tgz#2109adc7965887cfc05cbbd442cac8bfbb360863"
  
  object-component@0.0.3:
    version "0.0.3"
    resolved "http://r.cnpmjs.org/object-component/download/object-component-0.0.3.tgz#f0c69aa50efc95b866c186f400a33769cb2f1291"
  
  object.omit@^2.0.0:
    version "2.0.1"
    resolved "http://r.cnpmjs.org/object.omit/download/object.omit-2.0.1.tgz#1a9c744829f39dbb858c76ca3579ae2a54ebd1fa"
    dependencies:
      for-own "^0.1.4"
      is-extendable "^0.1.1"
  
  on-finished@~2.3.0:
    version "2.3.0"
    resolved "http://r.cnpmjs.org/on-finished/download/on-finished-2.3.0.tgz#20f1336481b083cd75337992a16971aa2d906947"
    dependencies:
      ee-first "1.1.1"
  
  once@1.x, once@^1.3.0:
    version "1.4.0"
    resolved "http://r.cnpmjs.org/once/download/once-1.4.0.tgz#583b1aa775961d4b113ac17d9c50baef9dd76bd1"
    dependencies:
      wrappy "1"
  
  optimist@^0.6.1:
    version "0.6.1"
    resolved "http://r.cnpmjs.org/optimist/download/optimist-0.6.1.tgz#da3ea74686fa21a19a111c326e90eb15a0196686"
    dependencies:
      minimist "~0.0.1"
      wordwrap "~0.0.2"
  
  optionator@^0.8.1:
    version "0.8.2"
    resolved "http://r.cnpmjs.org/optionator/download/optionator-0.8.2.tgz#364c5e409d3f4d6301d6c0b4c05bba50180aeb64"
    dependencies:
      deep-is "~0.1.3"
      fast-levenshtein "~2.0.4"
      levn "~0.3.0"
      prelude-ls "~1.1.2"
      type-check "~0.3.2"
      wordwrap "~1.0.0"
  
  os-homedir@^1.0.0:
    version "1.0.2"
    resolved "http://r.cnpmjs.org/os-homedir/download/os-homedir-1.0.2.tgz#ffbc4988336e0e833de0c168c7ef152121aa7fb3"
  
  os-tmpdir@^1.0.0, os-tmpdir@~1.0.2:
    version "1.0.2"
    resolved "http://r.cnpmjs.org/os-tmpdir/download/os-tmpdir-1.0.2.tgz#bbe67406c79aa85c5cfec766fe5734555dfa1274"
  
  osenv@^0.1.4:
    version "0.1.5"
    resolved "http://r.cnpmjs.org/osenv/download/osenv-0.1.5.tgz#85cdfafaeb28e8677f416e287592b5f3f49ea410"
    dependencies:
      os-homedir "^1.0.0"
      os-tmpdir "^1.0.0"
  
  pac-proxy-agent@1:
    version "1.1.0"
    resolved "http://r.cnpmjs.org/pac-proxy-agent/download/pac-proxy-agent-1.1.0.tgz#34a385dfdf61d2f0ecace08858c745d3e791fd4d"
    dependencies:
      agent-base "2"
      debug "2"
      extend "3"
      get-uri "2"
      http-proxy-agent "1"
      https-proxy-agent "1"
      pac-resolver "~2.0.0"
      raw-body "2"
      socks-proxy-agent "2"
  
  pac-resolver@~2.0.0:
    version "2.0.0"
    resolved "http://r.cnpmjs.org/pac-resolver/download/pac-resolver-2.0.0.tgz#99b88d2f193fbdeefc1c9a529c1f3260ab5277cd"
    dependencies:
      co "~3.0.6"
      degenerator "~1.0.2"
      ip "1.0.1"
      netmask "~1.0.4"
      thunkify "~2.1.1"
  
  parse-glob@^3.0.4:
    version "3.0.4"
    resolved "http://r.cnpmjs.org/parse-glob/download/parse-glob-3.0.4.tgz#b2c376cfb11f35513badd173ef0bb6e3a388391c"
    dependencies:
      glob-base "^0.3.0"
      is-dotfile "^1.0.0"
      is-extglob "^1.0.0"
      is-glob "^2.0.0"
  
  parse-json@^2.2.0:
    version "2.2.0"
    resolved "http://r.cnpmjs.org/parse-json/download/parse-json-2.2.0.tgz#f480f40434ef80741f8469099f8dea18f55a4dc9"
    dependencies:
      error-ex "^1.2.0"
  
  parseqs@0.0.5:
    version "0.0.5"
    resolved "http://r.cnpmjs.org/parseqs/download/parseqs-0.0.5.tgz#d5208a3738e46766e291ba2ea173684921a8b89d"
    dependencies:
      better-assert "~1.0.0"
  
  parseuri@0.0.5:
    version "0.0.5"
    resolved "http://r.cnpmjs.org/parseuri/download/parseuri-0.0.5.tgz#80204a50d4dbb779bfdc6ebe2778d90e4bce320a"
    dependencies:
      better-assert "~1.0.0"
  
  parseurl@~1.3.2:
    version "1.3.2"
    resolved "http://r.cnpmjs.org/parseurl/download/parseurl-1.3.2.tgz#fc289d4ed8993119460c156253262cdc8de65bf3"
  
  path-exists@^2.0.0:
    version "2.1.0"
    resolved "http://r.cnpmjs.org/path-exists/download/path-exists-2.1.0.tgz#0feb6c64f0fc518d9a754dd5efb62c7022761f4b"
    dependencies:
      pinkie-promise "^2.0.0"
  
  path-is-absolute@^1.0.0:
    version "1.0.1"
    resolved "http://r.cnpmjs.org/path-is-absolute/download/path-is-absolute-1.0.1.tgz#174b9268735534ffbc7ace6bf53a5a9e1b5c5f5f"
  
  path-proxy@~1.0.0:
    version "1.0.0"
    resolved "http://r.cnpmjs.org/path-proxy/download/path-proxy-1.0.0.tgz#18e8a36859fc9d2f1a53b48dee138543c020de5e"
    dependencies:
      inflection "~1.3.0"
  
  path-type@^1.0.0:
    version "1.1.0"
    resolved "http://r.cnpmjs.org/path-type/download/path-type-1.1.0.tgz#59c44f7ee491da704da415da5a4070ba4f8fe441"
    dependencies:
      graceful-fs "^4.1.2"
      pify "^2.0.0"
      pinkie-promise "^2.0.0"
  
  pathval@^1.0.0:
    version "1.1.0"
    resolved "http://r.cnpmjs.org/pathval/download/pathval-1.1.0.tgz#b942e6d4bde653005ef6b71361def8727d0645e0"
  
  performance-now@^2.1.0:
    version "2.1.0"
    resolved "http://r.cnpmjs.org/performance-now/download/performance-now-2.1.0.tgz#6309f4e0e5fa913ec1c69307ae364b4b377c9e7b"
  
  pify@^2.0.0:
    version "2.3.0"
    resolved "http://r.cnpmjs.org/pify/download/pify-2.3.0.tgz#ed141a6ac043a849ea588498e7dca8b15330e90c"
  
  pinkie-promise@^2.0.0:
    version "2.0.1"
    resolved "http://r.cnpmjs.org/pinkie-promise/download/pinkie-promise-2.0.1.tgz#2135d6dfa7a358c069ac9b178776288228450ffa"
    dependencies:
      pinkie "^2.0.0"
  
  pinkie@^2.0.0:
    version "2.0.4"
    resolved "http://r.cnpmjs.org/pinkie/download/pinkie-2.0.4.tgz#72556b80cfa0d48a974e80e77248e80ed4f7f870"
  
  prelude-ls@~1.1.2:
    version "1.1.2"
    resolved "http://r.cnpmjs.org/prelude-ls/download/prelude-ls-1.1.2.tgz#21932a549f5e52ffd9a827f570e04be62a97da54"
  
  preserve@^0.2.0:
    version "0.2.0"
    resolved "http://r.cnpmjs.org/preserve/download/preserve-0.2.0.tgz#815ed1f6ebc65926f865b310c0713bcb3315ce4b"
  
  process-nextick-args@~1.0.6:
    version "1.0.7"
    resolved "http://r.cnpmjs.org/process-nextick-args/download/process-nextick-args-1.0.7.tgz#150e20b756590ad3f91093f25a4f2ad8bff30ba3"
  
  process-nextick-args@~2.0.0:
    version "2.0.0"
    resolved "http://r.cnpmjs.org/process-nextick-args/download/process-nextick-args-2.0.0.tgz#a37d732f4271b4ab1ad070d35508e8290788ffaa"
  
  proxy-agent@~2.0.0:
    version "2.0.0"
    resolved "http://r.cnpmjs.org/proxy-agent/download/proxy-agent-2.0.0.tgz#57eb5347aa805d74ec681cb25649dba39c933499"
    dependencies:
      agent-base "2"
      debug "2"
      extend "3"
      http-proxy-agent "1"
      https-proxy-agent "1"
      lru-cache "~2.6.5"
      pac-proxy-agent "1"
      socks-proxy-agent "2"
  
  punycode@1.4.1, punycode@^1.4.1:
    version "1.4.1"
    resolved "http://r.cnpmjs.org/punycode/download/punycode-1.4.1.tgz#c0d5a63b2718800ad8e1eb0fa5269c84dd41845e"
  
  q@~1.4.0:
    version "1.4.1"
    resolved "http://r.cnpmjs.org/q/download/q-1.4.1.tgz#55705bcd93c5f3673530c2c2cbc0c2b3addc286e"
  
  qjobs@^1.1.4:
    version "1.2.0"
    resolved "http://r.cnpmjs.org/qjobs/download/qjobs-1.2.0.tgz#c45e9c61800bd087ef88d7e256423bdd49e5d071"
  
  qs@6.5.1, qs@~6.5.1:
    version "6.5.1"
    resolved "http://r.cnpmjs.org/qs/download/qs-6.5.1.tgz#349cdf6eef89ec45c12d7d5eb3fc0c870343a6d8"
  
  qs@~6.2.0:
    version "6.2.3"
    resolved "http://r.cnpmjs.org/qs/download/qs-6.2.3.tgz#1cfcb25c10a9b2b483053ff39f5dfc9233908cfe"
  
  randomatic@^1.1.3:
    version "1.1.7"
    resolved "http://r.cnpmjs.org/randomatic/download/randomatic-1.1.7.tgz#c7abe9cc8b87c0baa876b19fde83fd464797e38c"
    dependencies:
      is-number "^3.0.0"
      kind-of "^4.0.0"
  
  range-parser@^1.2.0:
    version "1.2.0"
    resolved "http://r.cnpmjs.org/range-parser/download/range-parser-1.2.0.tgz#f49be6b487894ddc40dcc94a322f611092e00d5e"
  
  raw-body@2, raw-body@2.3.2:
    version "2.3.2"
    resolved "http://r.cnpmjs.org/raw-body/download/raw-body-2.3.2.tgz#bcd60c77d3eb93cde0050295c3f379389bc88f89"
    dependencies:
      bytes "3.0.0"
      http-errors "1.6.2"
      iconv-lite "0.4.19"
      unpipe "1.0.0"
  
  rc@^1.1.7:
    version "1.2.7"
    resolved "http://r.cnpmjs.org/rc/download/rc-1.2.7.tgz#8a10ca30d588d00464360372b890d06dacd02297"
    dependencies:
      deep-extend "^0.5.1"
      ini "~1.3.0"
      minimist "^1.2.0"
      strip-json-comments "~2.0.1"
  
  read-pkg-up@^1.0.1:
    version "1.0.1"
    resolved "http://r.cnpmjs.org/read-pkg-up/download/read-pkg-up-1.0.1.tgz#9d63c13276c065918d57f002a57f40a1b643fb02"
    dependencies:
      find-up "^1.0.0"
      read-pkg "^1.0.0"
  
  read-pkg@^1.0.0:
    version "1.1.0"
    resolved "http://r.cnpmjs.org/read-pkg/download/read-pkg-1.1.0.tgz#f5ffaa5ecd29cb31c0474bca7d756b6bb29e3f28"
    dependencies:
      load-json-file "^1.0.0"
      normalize-package-data "^2.3.2"
      path-type "^1.0.0"
  
  readable-stream@1.1.x, "readable-stream@1.x >=1.1.9":
    version "1.1.14"
    resolved "http://r.cnpmjs.org/readable-stream/download/readable-stream-1.1.14.tgz#7cf4c54ef648e3813084c636dd2079e166c081d9"
    dependencies:
      core-util-is "~1.0.0"
      inherits "~2.0.1"
      isarray "0.0.1"
      string_decoder "~0.10.x"
  
  readable-stream@2, readable-stream@^2.0.2, readable-stream@^2.0.6, readable-stream@^2.3.0:
    version "2.3.6"
    resolved "http://r.cnpmjs.org/readable-stream/download/readable-stream-2.3.6.tgz#b11c27d88b8ff1fbe070643cf94b0c79ae1b0aaf"
    dependencies:
      core-util-is "~1.0.0"
      inherits "~2.0.3"
      isarray "~1.0.0"
      process-nextick-args "~2.0.0"
      safe-buffer "~5.1.1"
      string_decoder "~1.1.1"
      util-deprecate "~1.0.1"
  
  readable-stream@~2.0.5:
    version "2.0.6"
    resolved "http://r.cnpmjs.org/readable-stream/download/readable-stream-2.0.6.tgz#8f90341e68a53ccc928788dacfcd11b36eb9b78e"
    dependencies:
      core-util-is "~1.0.0"
      inherits "~2.0.1"
      isarray "~1.0.0"
      process-nextick-args "~1.0.6"
      string_decoder "~0.10.x"
      util-deprecate "~1.0.1"
  
  readdirp@^2.0.0:
    version "2.1.0"
    resolved "http://r.cnpmjs.org/readdirp/download/readdirp-2.1.0.tgz#4ed0ad060df3073300c48440373f72d1cc642d78"
    dependencies:
      graceful-fs "^4.1.2"
      minimatch "^3.0.2"
      readable-stream "^2.0.2"
      set-immediate-shim "^1.0.1"
  
  redent@^1.0.0:
    version "1.0.0"
    resolved "http://r.cnpmjs.org/redent/download/redent-1.0.0.tgz#cf916ab1fd5f1f16dfb20822dd6ec7f730c2afde"
    dependencies:
      indent-string "^2.1.0"
      strip-indent "^1.0.1"
  
  redis-commands@^1.2.0:
    version "1.3.5"
    resolved "http://r.cnpmjs.org/redis-commands/download/redis-commands-1.3.5.tgz#4495889414f1e886261180b1442e7295602d83a2"
  
  redis-parser@^2.6.0:
    version "2.6.0"
    resolved "http://r.cnpmjs.org/redis-parser/download/redis-parser-2.6.0.tgz#52ed09dacac108f1a631c07e9b69941e7a19504b"
  
  redis@^2.7.1:
    version "2.8.0"
    resolved "http://r.cnpmjs.org/redis/download/redis-2.8.0.tgz#202288e3f58c49f6079d97af7a10e1303ae14b02"
    dependencies:
      double-ended-queue "^2.1.0-0"
      redis-commands "^1.2.0"
      redis-parser "^2.6.0"
  
  regex-cache@^0.4.2:
    version "0.4.4"
    resolved "http://r.cnpmjs.org/regex-cache/download/regex-cache-0.4.4.tgz#75bdc58a2a1496cec48a12835bc54c8d562336dd"
    dependencies:
      is-equal-shallow "^0.1.3"
  
  remove-trailing-separator@^1.0.1:
    version "1.1.0"
    resolved "http://r.cnpmjs.org/remove-trailing-separator/download/remove-trailing-separator-1.1.0.tgz#c24bce2a283adad5bc3f58e0d48249b92379d8ef"
  
  repeat-element@^1.1.2:
    version "1.1.2"
    resolved "http://r.cnpmjs.org/repeat-element/download/repeat-element-1.1.2.tgz#ef089a178d1483baae4d93eb98b4f9e4e11d990a"
  
  repeat-string@^0.2.2:
    version "0.2.2"
    resolved "http://r.cnpmjs.org/repeat-string/download/repeat-string-0.2.2.tgz#c7a8d3236068362059a7e4651fc6884e8b1fb4ae"
  
  repeat-string@^1.5.2:
    version "1.6.1"
    resolved "http://r.cnpmjs.org/repeat-string/download/repeat-string-1.6.1.tgz#8dcae470e1c88abc2d600fff4a776286da75e637"
  
  repeating@^2.0.0:
    version "2.0.1"
    resolved "http://r.cnpmjs.org/repeating/download/repeating-2.0.1.tgz#5214c53a926d3552707527fbab415dbc08d06dda"
    dependencies:
      is-finite "^1.0.0"
  
  request@2.75.x:
    version "2.75.0"
    resolved "http://r.cnpmjs.org/request/download/request-2.75.0.tgz#d2b8268a286da13eaa5d01adf5d18cc90f657d93"
    dependencies:
      aws-sign2 "~0.6.0"
      aws4 "^1.2.1"
      bl "~1.1.2"
      caseless "~0.11.0"
      combined-stream "~1.0.5"
      extend "~3.0.0"
      forever-agent "~0.6.1"
      form-data "~2.0.0"
      har-validator "~2.0.6"
      hawk "~3.1.3"
      http-signature "~1.1.0"
      is-typedarray "~1.0.0"
      isstream "~0.1.2"
      json-stringify-safe "~5.0.1"
      mime-types "~2.1.7"
      node-uuid "~1.4.7"
      oauth-sign "~0.8.1"
      qs "~6.2.0"
      stringstream "~0.0.4"
      tough-cookie "~2.3.0"
      tunnel-agent "~0.4.1"
  
  request@^2.0.0, request@^2.74.0:
    version "2.85.0"
    resolved "http://r.cnpmjs.org/request/download/request-2.85.0.tgz#5a03615a47c61420b3eb99b7dba204f83603e1fa"
    dependencies:
      aws-sign2 "~0.7.0"
      aws4 "^1.6.0"
      caseless "~0.12.0"
      combined-stream "~1.0.5"
      extend "~3.0.1"
      forever-agent "~0.6.1"
      form-data "~2.3.1"
      har-validator "~5.0.3"
      hawk "~6.0.2"
      http-signature "~1.2.0"
      is-typedarray "~1.0.0"
      isstream "~0.1.2"
      json-stringify-safe "~5.0.1"
      mime-types "~2.1.17"
      oauth-sign "~0.8.2"
      performance-now "^2.1.0"
      qs "~6.5.1"
      safe-buffer "^5.1.1"
      stringstream "~0.0.5"
      tough-cookie "~2.3.3"
      tunnel-agent "^0.6.0"
      uuid "^3.1.0"
  
  requestretry@^1.2.2:
    version "1.13.0"
    resolved "http://r.cnpmjs.org/requestretry/download/requestretry-1.13.0.tgz#213ec1006eeb750e8b8ce54176283d15a8d55d94"
    dependencies:
      extend "^3.0.0"
      lodash "^4.15.0"
      request "^2.74.0"
      when "^3.7.7"
  
  requires-port@^1.0.0:
    version "1.0.0"
    resolved "http://r.cnpmjs.org/requires-port/download/requires-port-1.0.0.tgz#925d2601d39ac485e091cf0da5c6e694dc3dcaff"
  
  resolve@1.1.x:
    version "1.1.7"
    resolved "http://r.cnpmjs.org/resolve/download/resolve-1.1.7.tgz#203114d82ad2c5ed9e8e0411b3932875e889e97b"
  
  right-align@^0.1.1:
    version "0.1.3"
    resolved "http://r.cnpmjs.org/right-align/download/right-align-0.1.3.tgz#61339b722fe6a3515689210d24e14c96148613ef"
    dependencies:
      align-text "^0.1.1"
  
  rimraf@^2.6.0, rimraf@^2.6.1:
    version "2.6.2"
    resolved "http://r.cnpmjs.org/rimraf/download/rimraf-2.6.2.tgz#2ed8150d24a16ea8651e6d6ef0f47c4158ce7a36"
    dependencies:
      glob "^7.0.5"
  
  safe-buffer@^5.0.1, safe-buffer@^5.1.1, safe-buffer@^5.1.2, safe-buffer@~5.1.0, safe-buffer@~5.1.1:
    version "5.1.2"
    resolved "http://r.cnpmjs.org/safe-buffer/download/safe-buffer-5.1.2.tgz#991ec69d296e0313747d59bdfd2b745c35f8828d"
  
  safer-buffer@^2.1.0:
    version "2.1.2"
    resolved "http://r.cnpmjs.org/safer-buffer/download/safer-buffer-2.1.2.tgz#44fa161b0187b9549dd84bb91802f9bd8385cd6a"
  
  sax@^1.2.4:
    version "1.2.4"
    resolved "http://r.cnpmjs.org/sax/download/sax-1.2.4.tgz#2816234e2378bddc4e5354fab5caa895df7100d9"
  
  "semver@2 || 3 || 4 || 5", semver@^5.3.0:
    version "5.5.0"
    resolved "http://r.cnpmjs.org/semver/download/semver-5.5.0.tgz#dc4bbc7a6ca9d916dee5d43516f0092b58f7b8ab"
  
  semver@~5.0.1:
    version "5.0.3"
    resolved "http://r.cnpmjs.org/semver/download/semver-5.0.3.tgz#77466de589cd5d3c95f138aa78bc569a3cb5d27a"
  
  set-blocking@~2.0.0:
    version "2.0.0"
    resolved "http://r.cnpmjs.org/set-blocking/download/set-blocking-2.0.0.tgz#045f9782d011ae9a6803ddd382b24392b3d890f7"
  
  set-immediate-shim@^1.0.1:
    version "1.0.1"
    resolved "http://r.cnpmjs.org/set-immediate-shim/download/set-immediate-shim-1.0.1.tgz#4b2b1b27eb808a9f8dcc481a58e5e56f599f3f61"
  
  setprototypeof@1.0.3:
    version "1.0.3"
    resolved "http://r.cnpmjs.org/setprototypeof/download/setprototypeof-1.0.3.tgz#66567e37043eeb4f04d91bd658c0cbefb55b8e04"
  
  setprototypeof@1.1.0:
    version "1.1.0"
    resolved "http://r.cnpmjs.org/setprototypeof/download/setprototypeof-1.1.0.tgz#d0bd85536887b6fe7c0d818cb962d9d91c54e656"
  
  signal-exit@^3.0.0:
    version "3.0.2"
    resolved "http://r.cnpmjs.org/signal-exit/download/signal-exit-3.0.2.tgz#b5fdc08f1287ea1178628e415e25132b73646c6d"
  
  slack-node@~0.2.0:
    version "0.2.0"
    resolved "http://r.cnpmjs.org/slack-node/download/slack-node-0.2.0.tgz#de4b8dddaa8b793f61dbd2938104fdabf37dfa30"
    dependencies:
      requestretry "^1.2.2"
  
  smart-buffer@^1.0.13, smart-buffer@^1.0.4:
    version "1.1.15"
    resolved "http://r.cnpmjs.org/smart-buffer/download/smart-buffer-1.1.15.tgz#7f114b5b65fab3e2a35aa775bb12f0d1c649bf16"
  
  smtp-connection@2.12.0:
    version "2.12.0"
    resolved "http://r.cnpmjs.org/smtp-connection/download/smtp-connection-2.12.0.tgz#d76ef9127cb23c2259edb1e8349c2e8d5e2d74c1"
    dependencies:
      httpntlm "1.6.1"
      nodemailer-shared "1.1.0"
  
  sntp@1.x.x:
    version "1.0.9"
    resolved "http://r.cnpmjs.org/sntp/download/sntp-1.0.9.tgz#6541184cc90aeea6c6e7b35e2659082443c66198"
    dependencies:
      hoek "2.x.x"
  
  sntp@2.x.x:
    version "2.1.0"
    resolved "http://r.cnpmjs.org/sntp/download/sntp-2.1.0.tgz#2c6cec14fedc2222739caf9b5c3d85d1cc5a2cc8"
    dependencies:
      hoek "4.x.x"
  
  socket.io-adapter@~1.1.0:
    version "1.1.1"
    resolved "http://r.cnpmjs.org/socket.io-adapter/download/socket.io-adapter-1.1.1.tgz#2a805e8a14d6372124dd9159ad4502f8cb07f06b"
  
  socket.io-client@2.0.4:
    version "2.0.4"
    resolved "http://r.cnpmjs.org/socket.io-client/download/socket.io-client-2.0.4.tgz#0918a552406dc5e540b380dcd97afc4a64332f8e"
    dependencies:
      backo2 "1.0.2"
      base64-arraybuffer "0.1.5"
      component-bind "1.0.0"
      component-emitter "1.2.1"
      debug "~2.6.4"
      engine.io-client "~3.1.0"
      has-cors "1.1.0"
      indexof "0.0.1"
      object-component "0.0.3"
      parseqs "0.0.5"
      parseuri "0.0.5"
      socket.io-parser "~3.1.1"
      to-array "0.1.4"
  
  socket.io-parser@~3.1.1:
    version "3.1.3"
    resolved "http://r.cnpmjs.org/socket.io-parser/download/socket.io-parser-3.1.3.tgz#ed2da5ee79f10955036e3da413bfd7f1e4d86c8e"
    dependencies:
      component-emitter "1.2.1"
      debug "~3.1.0"
      has-binary2 "~1.0.2"
      isarray "2.0.1"
  
  socket.io@2.0.4:
    version "2.0.4"
    resolved "http://r.cnpmjs.org/socket.io/download/socket.io-2.0.4.tgz#c1a4590ceff87ecf13c72652f046f716b29e6014"
    dependencies:
      debug "~2.6.6"
      engine.io "~3.1.0"
      socket.io-adapter "~1.1.0"
      socket.io-client "2.0.4"
      socket.io-parser "~3.1.1"
  
  socks-proxy-agent@2:
    version "2.1.1"
    resolved "http://r.cnpmjs.org/socks-proxy-agent/download/socks-proxy-agent-2.1.1.tgz#86ebb07193258637870e13b7bd99f26c663df3d3"
    dependencies:
      agent-base "2"
      extend "3"
      socks "~1.1.5"
  
  socks@1.1.9:
    version "1.1.9"
    resolved "http://r.cnpmjs.org/socks/download/socks-1.1.9.tgz#628d7e4d04912435445ac0b6e459376cb3e6d691"
    dependencies:
      ip "^1.1.2"
      smart-buffer "^1.0.4"
  
  socks@~1.1.5:
    version "1.1.10"
    resolved "http://r.cnpmjs.org/socks/download/socks-1.1.10.tgz#5b8b7fc7c8f341c53ed056e929b7bf4de8ba7b5a"
    dependencies:
      ip "^1.1.4"
      smart-buffer "^1.0.13"
  
  source-map@^0.4.4:
    version "0.4.4"
    resolved "http://r.cnpmjs.org/source-map/download/source-map-0.4.4.tgz#eba4f5da9c0dc999de68032d8b4f76173652036b"
    dependencies:
      amdefine ">=0.0.4"
  
  source-map@^0.5.1, source-map@~0.5.1:
    version "0.5.7"
    resolved "http://r.cnpmjs.org/source-map/download/source-map-0.5.7.tgz#8a039d2d1021d22d1ea14c80d8ea468ba2ef3fcc"
  
  source-map@^0.6.1, source-map@~0.6.1:
    version "0.6.1"
    resolved "http://r.cnpmjs.org/source-map/download/source-map-0.6.1.tgz#74722af32e9614e9c287a8d0bbde48b5e2f1a263"
  
  source-map@~0.2.0:
    version "0.2.0"
    resolved "http://r.cnpmjs.org/source-map/download/source-map-0.2.0.tgz#dab73fbcfc2ba819b4de03bd6f6eaa48164b3f9d"
    dependencies:
      amdefine ">=0.0.4"
  
  spdx-correct@^3.0.0:
    version "3.0.0"
    resolved "http://r.cnpmjs.org/spdx-correct/download/spdx-correct-3.0.0.tgz#05a5b4d7153a195bc92c3c425b69f3b2a9524c82"
    dependencies:
      spdx-expression-parse "^3.0.0"
      spdx-license-ids "^3.0.0"
  
  spdx-exceptions@^2.1.0:
    version "2.1.0"
    resolved "http://r.cnpmjs.org/spdx-exceptions/download/spdx-exceptions-2.1.0.tgz#2c7ae61056c714a5b9b9b2b2af7d311ef5c78fe9"
  
  spdx-expression-parse@^3.0.0:
    version "3.0.0"
    resolved "http://r.cnpmjs.org/spdx-expression-parse/download/spdx-expression-parse-3.0.0.tgz#99e119b7a5da00e05491c9fa338b7904823b41d0"
    dependencies:
      spdx-exceptions "^2.1.0"
      spdx-license-ids "^3.0.0"
  
  spdx-license-ids@^3.0.0:
    version "3.0.0"
    resolved "http://r.cnpmjs.org/spdx-license-ids/download/spdx-license-ids-3.0.0.tgz#7a7cd28470cc6d3a1cfe6d66886f6bc430d3ac87"
  
  sprintf-js@~1.0.2:
    version "1.0.3"
    resolved "http://r.cnpmjs.org/sprintf-js/download/sprintf-js-1.0.3.tgz#04e6926f662895354f3dd015203633b857297e2c"
  
  sshpk@^1.7.0:
    version "1.14.1"
    resolved "http://r.cnpmjs.org/sshpk/download/sshpk-1.14.1.tgz#130f5975eddad963f1d56f92b9ac6c51fa9f83eb"
    dependencies:
      asn1 "~0.2.3"
      assert-plus "^1.0.0"
      dashdash "^1.12.0"
      getpass "^0.1.1"
    optionalDependencies:
      bcrypt-pbkdf "^1.0.0"
      ecc-jsbn "~0.1.1"
      jsbn "~0.1.0"
      tweetnacl "~0.14.0"
  
  "statuses@>= 1.3.1 < 2", "statuses@>= 1.4.0 < 2":
    version "1.5.0"
    resolved "http://r.cnpmjs.org/statuses/download/statuses-1.5.0.tgz#161c7dac177659fd9811f43771fa99381478628c"
  
  statuses@~1.3.1:
    version "1.3.1"
    resolved "http://r.cnpmjs.org/statuses/download/statuses-1.3.1.tgz#faf51b9eb74aaef3b3acf4ad5f61abf24cb7b93e"
  
  streamroller@^0.7.0:
    version "0.7.0"
    resolved "http://r.cnpmjs.org/streamroller/download/streamroller-0.7.0.tgz#a1d1b7cf83d39afb0d63049a5acbf93493bdf64b"
    dependencies:
      date-format "^1.2.0"
      debug "^3.1.0"
      mkdirp "^0.5.1"
      readable-stream "^2.3.0"
  
  string-width@^1.0.1, string-width@^1.0.2:
    version "1.0.2"
    resolved "http://r.cnpmjs.org/string-width/download/string-width-1.0.2.tgz#118bdf5b8cdc51a2a7e70d211e07e2b0b9b107d3"
    dependencies:
      code-point-at "^1.0.0"
      is-fullwidth-code-point "^1.0.0"
      strip-ansi "^3.0.0"
  
  string_decoder@~0.10.x:
    version "0.10.31"
    resolved "http://r.cnpmjs.org/string_decoder/download/string_decoder-0.10.31.tgz#62e203bc41766c6c28c9fc84301dab1c5310fa94"
  
  string_decoder@~1.1.1:
    version "1.1.1"
    resolved "http://r.cnpmjs.org/string_decoder/download/string_decoder-1.1.1.tgz#9cf1611ba62685d7030ae9e4ba34149c3af03fc8"
    dependencies:
      safe-buffer "~5.1.0"
  
  stringstream@~0.0.4, stringstream@~0.0.5:
    version "0.0.5"
    resolved "http://r.cnpmjs.org/stringstream/download/stringstream-0.0.5.tgz#4e484cd4de5a0bbbee18e46307710a8a81621878"
  
  strip-ansi@^3.0.0, strip-ansi@^3.0.1:
    version "3.0.1"
    resolved "http://r.cnpmjs.org/strip-ansi/download/strip-ansi-3.0.1.tgz#6a385fb8853d952d5ff05d0e8aaf94278dc63dcf"
    dependencies:
      ansi-regex "^2.0.0"
  
  strip-bom@^2.0.0:
    version "2.0.0"
    resolved "http://r.cnpmjs.org/strip-bom/download/strip-bom-2.0.0.tgz#6219a85616520491f35788bdbf1447a99c7e6b0e"
    dependencies:
      is-utf8 "^0.2.0"
  
  strip-indent@^1.0.1:
    version "1.0.1"
    resolved "http://r.cnpmjs.org/strip-indent/download/strip-indent-1.0.1.tgz#0c7962a6adefa7bbd4ac366460a638552ae1a0a2"
    dependencies:
      get-stdin "^4.0.1"
  
  strip-json-comments@~2.0.1:
    version "2.0.1"
    resolved "http://r.cnpmjs.org/strip-json-comments/download/strip-json-comments-2.0.1.tgz#3c531942e908c2697c0ec344858c286c7ca0a60a"
  
  supports-color@4.4.0:
    version "4.4.0"
    resolved "http://r.cnpmjs.org/supports-color/download/supports-color-4.4.0.tgz#883f7ddabc165142b2a61427f3352ded195d1a3e"
    dependencies:
      has-flag "^2.0.0"
  
  supports-color@^2.0.0:
    version "2.0.0"
    resolved "http://r.cnpmjs.org/supports-color/download/supports-color-2.0.0.tgz#535d045ce6b6363fa40117084629995e9df324c7"
  
  supports-color@^3.1.0:
    version "3.2.3"
    resolved "http://r.cnpmjs.org/supports-color/download/supports-color-3.2.3.tgz#65ac0504b3954171d8a64946b2ae3cbb8a5f54f6"
    dependencies:
      has-flag "^1.0.0"
  
  tar@^4:
    version "4.4.2"
    resolved "http://r.cnpmjs.org/tar/download/tar-4.4.2.tgz#60685211ba46b38847b1ae7ee1a24d744a2cd462"
    dependencies:
      chownr "^1.0.1"
      fs-minipass "^1.2.5"
      minipass "^2.2.4"
      minizlib "^1.1.0"
      mkdirp "^0.5.0"
      safe-buffer "^5.1.2"
      yallist "^3.0.2"
  
  thunkify@~2.1.1:
    version "2.1.2"
    resolved "http://r.cnpmjs.org/thunkify/download/thunkify-2.1.2.tgz#faa0e9d230c51acc95ca13a361ac05ca7e04553d"
  
  timespan@2.3.x:
    version "2.3.0"
    resolved "http://r.cnpmjs.org/timespan/download/timespan-2.3.0.tgz#4902ce040bd13d845c8f59b27e9d59bad6f39929"
  
  tmp@0.0.33, tmp@0.0.x:
    version "0.0.33"
    resolved "http://r.cnpmjs.org/tmp/download/tmp-0.0.33.tgz#6d34335889768d21b2bcda0aa277ced3b1bfadf9"
    dependencies:
      os-tmpdir "~1.0.2"
  
  to-array@0.1.4:
    version "0.1.4"
    resolved "http://r.cnpmjs.org/to-array/download/to-array-0.1.4.tgz#17e6c11f73dd4f3d74cda7a4ff3238e9ad9bf890"
  
  tough-cookie@~2.3.0, tough-cookie@~2.3.3:
    version "2.3.4"
    resolved "http://r.cnpmjs.org/tough-cookie/download/tough-cookie-2.3.4.tgz#ec60cee38ac675063ffc97a5c18970578ee83655"
    dependencies:
      punycode "^1.4.1"
  
  trim-newlines@^1.0.0:
    version "1.0.0"
    resolved "http://r.cnpmjs.org/trim-newlines/download/trim-newlines-1.0.0.tgz#5887966bb582a4503a41eb524f7d35011815a613"
  
  tsscmp@~1.0.0:
    version "1.0.5"
    resolved "http://r.cnpmjs.org/tsscmp/download/tsscmp-1.0.5.tgz#7dc4a33af71581ab4337da91d85ca5427ebd9a97"
  
  tunnel-agent@^0.6.0:
    version "0.6.0"
    resolved "http://r.cnpmjs.org/tunnel-agent/download/tunnel-agent-0.6.0.tgz#27a5dea06b36b04a0a9966774b290868f0fc40fd"
    dependencies:
      safe-buffer "^5.0.1"
  
  tunnel-agent@~0.4.1:
    version "0.4.3"
    resolved "http://r.cnpmjs.org/tunnel-agent/download/tunnel-agent-0.4.3.tgz#6373db76909fe570e08d73583365ed828a74eeeb"
  
  tweetnacl@^0.14.3, tweetnacl@~0.14.0:
    version "0.14.5"
    resolved "http://r.cnpmjs.org/tweetnacl/download/tweetnacl-0.14.5.tgz#5ae68177f192d4456269d108afa93ff8743f4f64"
  
  type-check@~0.3.2:
    version "0.3.2"
    resolved "http://r.cnpmjs.org/type-check/download/type-check-0.3.2.tgz#5884cab512cf1d355e3fb784f30804b2b520db72"
    dependencies:
      prelude-ls "~1.1.2"
  
  type-detect@^4.0.0:
    version "4.0.8"
    resolved "http://r.cnpmjs.org/type-detect/download/type-detect-4.0.8.tgz#7646fb5f18871cfbb7749e69bd39a6388eb7450c"
  
  type-is@~1.6.15:
    version "1.6.16"
    resolved "http://r.cnpmjs.org/type-is/download/type-is-1.6.16.tgz#f89ce341541c672b25ee7ae3c73dee3b2be50194"
    dependencies:
      media-typer "0.3.0"
      mime-types "~2.1.18"
  
  uglify-js@^2.6:
    version "2.8.29"
    resolved "http://r.cnpmjs.org/uglify-js/download/uglify-js-2.8.29.tgz#29c5733148057bb4e1f75df35b7a9cb72e6a59dd"
    dependencies:
      source-map "~0.5.1"
      yargs "~3.10.0"
    optionalDependencies:
      uglify-to-browserify "~1.0.0"
  
  uglify-to-browserify@~1.0.0:
    version "1.0.2"
    resolved "http://r.cnpmjs.org/uglify-to-browserify/download/uglify-to-browserify-1.0.2.tgz#6e0924d6bda6b5afe349e39a6d632850a0f882b7"
  
  ultron@~1.1.0:
    version "1.1.1"
    resolved "http://r.cnpmjs.org/ultron/download/ultron-1.1.1.tgz#9fe1536a10a664a65266a1e3ccf85fd36302bc9c"
  
  underscore@~1.7.0:
    version "1.7.0"
    resolved "http://r.cnpmjs.org/underscore/download/underscore-1.7.0.tgz#6bbaf0877500d36be34ecaa584e0db9fef035209"
  
  unpipe@1.0.0, unpipe@~1.0.0:
    version "1.0.0"
    resolved "http://r.cnpmjs.org/unpipe/download/unpipe-1.0.0.tgz#b2bf4ee8514aae6165b4817829d21b2ef49904ec"
  
  useragent@2.2.1:
    version "2.2.1"
    resolved "http://r.cnpmjs.org/useragent/download/useragent-2.2.1.tgz#cf593ef4f2d175875e8bb658ea92e18a4fd06d8e"
    dependencies:
      lru-cache "2.2.x"
      tmp "0.0.x"
  
  util-deprecate@~1.0.1:
    version "1.0.2"
    resolved "http://r.cnpmjs.org/util-deprecate/download/util-deprecate-1.0.2.tgz#450d4dc9fa70de732762fbd2d4a28981419a0ccf"
  
  utils-merge@1.0.1:
    version "1.0.1"
    resolved "http://r.cnpmjs.org/utils-merge/download/utils-merge-1.0.1.tgz#9f95710f50a267947b2ccc124741c1028427e713"
  
  uuid@^3.1.0:
    version "3.2.1"
    resolved "http://r.cnpmjs.org/uuid/download/uuid-3.2.1.tgz#12c528bb9d58d0b9265d9a2f6f0fe8be17ff1f14"
  
  uws@~9.14.0:
    version "9.14.0"
    resolved "http://r.cnpmjs.org/uws/download/uws-9.14.0.tgz#fac8386befc33a7a3705cbd58dc47b430ca4dd95"
  
  validate-npm-package-license@^3.0.1:
    version "3.0.3"
    resolved "http://r.cnpmjs.org/validate-npm-package-license/download/validate-npm-package-license-3.0.3.tgz#81643bcbef1bdfecd4623793dc4648948ba98338"
    dependencies:
      spdx-correct "^3.0.0"
      spdx-expression-parse "^3.0.0"
  
  verror@1.10.0:
    version "1.10.0"
    resolved "http://r.cnpmjs.org/verror/download/verror-1.10.0.tgz#3a105ca17053af55d6e270c1f8288682e18da400"
    dependencies:
      assert-plus "^1.0.0"
      core-util-is "1.0.2"
      extsprintf "^1.2.0"
  
  void-elements@^2.0.0:
    version "2.0.1"
    resolved "http://r.cnpmjs.org/void-elements/download/void-elements-2.0.1.tgz#c066afb582bb1cb4128d60ea92392e94d5e9dbec"
  
  when@^3.7.7:
    version "3.7.8"
    resolved "http://r.cnpmjs.org/when/download/when-3.7.8.tgz#c7130b6a7ea04693e842cdc9e7a1f2aa39a39f82"
  
  which@^1.1.1:
    version "1.3.0"
    resolved "http://r.cnpmjs.org/which/download/which-1.3.0.tgz#ff04bdfc010ee547d780bec38e1ac1c2777d253a"
    dependencies:
      isexe "^2.0.0"
  
  wide-align@^1.1.0:
    version "1.1.2"
    resolved "http://r.cnpmjs.org/wide-align/download/wide-align-1.1.2.tgz#571e0f1b0604636ebc0dfc21b0339bbe31341710"
    dependencies:
      string-width "^1.0.2"
  
  window-size@0.1.0:
    version "0.1.0"
    resolved "http://r.cnpmjs.org/window-size/download/window-size-0.1.0.tgz#5438cd2ea93b202efa3a19fe8887aee7c94f9c9d"
  
  wordwrap@0.0.2:
    version "0.0.2"
    resolved "http://r.cnpmjs.org/wordwrap/download/wordwrap-0.0.2.tgz#b79669bb42ecb409f83d583cad52ca17eaa1643f"
  
  wordwrap@^1.0.0, wordwrap@~1.0.0:
    version "1.0.0"
    resolved "http://r.cnpmjs.org/wordwrap/download/wordwrap-1.0.0.tgz#27584810891456a4171c8d0226441ade90cbcaeb"
  
  wordwrap@~0.0.2:
    version "0.0.3"
    resolved "http://r.cnpmjs.org/wordwrap/download/wordwrap-0.0.3.tgz#a3d5da6cd5c0bc0008d37234bbaf1bed63059107"
  
  wrappy@1:
    version "1.0.2"
    resolved "http://r.cnpmjs.org/wrappy/download/wrappy-1.0.2.tgz#b5243d8f3ec1aa35f1364605bc0d1036e30ab69f"
  
  ws@~3.3.1:
    version "3.3.3"
    resolved "http://r.cnpmjs.org/ws/download/ws-3.3.3.tgz#f1cf84fe2d5e901ebce94efaece785f187a228f2"
    dependencies:
      async-limiter "~1.0.0"
      safe-buffer "~5.1.0"
      ultron "~1.1.0"
  
  xmlhttprequest-ssl@~1.5.4:
    version "1.5.5"
    resolved "http://r.cnpmjs.org/xmlhttprequest-ssl/download/xmlhttprequest-ssl-1.5.5.tgz#c2876b06168aadc40e57d97e81191ac8f4398b3e"
  
  xregexp@2.0.0:
    version "2.0.0"
    resolved "http://r.cnpmjs.org/xregexp/download/xregexp-2.0.0.tgz#52a63e56ca0b84a7f3a5f3d61872f126ad7a5943"
  
  xtend@^4.0.0:
    version "4.0.1"
    resolved "http://r.cnpmjs.org/xtend/download/xtend-4.0.1.tgz#a5c6d532be656e23db820efb943a1f04998d63af"
  
  yallist@^3.0.0, yallist@^3.0.2:
    version "3.0.2"
    resolved "http://r.cnpmjs.org/yallist/download/yallist-3.0.2.tgz#8452b4bb7e83c7c188d8041c1a837c773d6d8bb9"
  
  yargs@~3.10.0:
    version "3.10.0"
    resolved "http://r.cnpmjs.org/yargs/download/yargs-3.10.0.tgz#f7ee7bd857dd7c1d2d38c0e74efbd681d1431fd1"
    dependencies:
      camelcase "^1.0.2"
      cliui "^2.1.0"
      decamelize "^1.0.0"
      window-size "0.1.0"
  
  yeast@0.1.2:
    version "0.1.2"
    resolved "http://r.cnpmjs.org/yeast/download/yeast-0.1.2.tgz#008e06d8094320c372dbc2f8ed76a0ca6c8ac419"

Trace: 
  Error: http://r.cnpmjs.org/karma-phantonjs-launcher: not_found
      at Request.params.callback [as _callback] (/usr/local/lib/node_modules/yarn/lib/cli.js:65019:18)
      at Request.self.callback (/usr/local/lib/node_modules/yarn/lib/cli.js:132430:22)
      at emitTwo (events.js:126:13)
      at Request.emit (events.js:214:7)
      at Request.<anonymous> (/usr/local/lib/node_modules/yarn/lib/cli.js:133413:10)
      at emitOne (events.js:116:13)
      at Request.emit (events.js:211:7)
      at Gunzip.<anonymous> (/usr/local/lib/node_modules/yarn/lib/cli.js:133333:12)
      at Object.onceWrapper (events.js:313:30)
      at emitNone (events.js:111:20)
